<?xml version="1.0" encoding="UTF-8"?>
<!-- Generated by org.testng.reporters.JUnitXMLReporter -->
<testsuite hostname="NHUTBM" name="Payment on Chrome" tests="30" failures="0" timestamp="8 Jul 2019 04:23:05 GMT" time="38.076" errors="0">
  <testcase name="@BeforeClass beforeClass" time="0.0" classname="com.payzing.testcase.HomePageScript_JXM">
    <failure type="org.openqa.selenium.SessionNotCreatedException" message="session not created: This version of ChromeDriver only supports Chrome version 76
Build info: version: &amp;apos;3.11.0&amp;apos;, revision: &amp;apos;e59cfb3&amp;apos;, time: &amp;apos;2018-03-11T20:26:55.152Z&amp;apos;
System info: host: &amp;apos;NHUTBM&amp;apos;, ip: &amp;apos;192.168.56.1&amp;apos;, os.name: &amp;apos;Windows 10&amp;apos;, os.arch: &amp;apos;amd64&amp;apos;, os.version: &amp;apos;10.0&amp;apos;, java.version: &amp;apos;1.8.0_181&amp;apos;
Driver info: driver.version: ChromeDriver
remote stacktrace: Backtrace:
	Ordinal0 [0x00A27B13+1473299]
	Ordinal0 [0x009AAC61+961633]
	Ordinal0 [0x009341A3+475555]
	Ordinal0 [0x008CF365+62309]
	Ordinal0 [0x008CBC77+48247]
	Ordinal0 [0x008E8FD9+167897]
	Ordinal0 [0x008E8BAD+166829]
	Ordinal0 [0x008E72BB+160443]
	Ordinal0 [0x008D0AE6+68326]
	Ordinal0 [0x008D1A80+72320]
	Ordinal0 [0x008D1A19+72217]
	Ordinal0 [0x009C4A27+1067559]
	GetHandleVerifier [0x00AC66F5+506677]
	GetHandleVerifier [0x00AC6490+506064]
	GetHandleVerifier [0x00ACD038+533624]
	GetHandleVerifier [0x00AC6ECA+508682]
	Ordinal0 [0x009BC116+1032470]
	Ordinal0 [0x009BBF8F+1032079]
	Ordinal0 [0x009C693B+1075515]
	Ordinal0 [0x009C6AA3+1075875]
	Ordinal0 [0x009C5A55+1071701]
	BaseThreadInitThunk [0x77248494+36]
	RtlAreBitsSet [0x777741C8+136]
	RtlAreBitsSet [0x77774198+88]
">
      <![CDATA[org.openqa.selenium.SessionNotCreatedException: session not created: This version of ChromeDriver only supports Chrome version 76
Build info: version: '3.11.0', revision: 'e59cfb3', time: '2018-03-11T20:26:55.152Z'
System info: host: 'NHUTBM', ip: '192.168.56.1', os.name: 'Windows 10', os.arch: 'amd64', os.version: '10.0', java.version: '1.8.0_181'
Driver info: driver.version: ChromeDriver
remote stacktrace: Backtrace:
	Ordinal0 [0x00A27B13+1473299]
	Ordinal0 [0x009AAC61+961633]
	Ordinal0 [0x009341A3+475555]
	Ordinal0 [0x008CF365+62309]
	Ordinal0 [0x008CBC77+48247]
	Ordinal0 [0x008E8FD9+167897]
	Ordinal0 [0x008E8BAD+166829]
	Ordinal0 [0x008E72BB+160443]
	Ordinal0 [0x008D0AE6+68326]
	Ordinal0 [0x008D1A80+72320]
	Ordinal0 [0x008D1A19+72217]
	Ordinal0 [0x009C4A27+1067559]
	GetHandleVerifier [0x00AC66F5+506677]
	GetHandleVerifier [0x00AC6490+506064]
	GetHandleVerifier [0x00ACD038+533624]
	GetHandleVerifier [0x00AC6ECA+508682]
	Ordinal0 [0x009BC116+1032470]
	Ordinal0 [0x009BBF8F+1032079]
	Ordinal0 [0x009C693B+1075515]
	Ordinal0 [0x009C6AA3+1075875]
	Ordinal0 [0x009C5A55+1071701]
	BaseThreadInitThunk [0x77248494+36]
	RtlAreBitsSet [0x777741C8+136]
	RtlAreBitsSet [0x77774198+88]

	at org.openqa.selenium.remote.W3CHandshakeResponse.lambda$new$0(W3CHandshakeResponse.java:57)
	at org.openqa.selenium.remote.W3CHandshakeResponse.lambda$getResponseFunction$2(W3CHandshakeResponse.java:104)
	at org.openqa.selenium.remote.ProtocolHandshake.lambda$createSession$0(ProtocolHandshake.java:123)
	at java.util.stream.ReferencePipeline$3$1.accept(ReferencePipeline.java:193)
	at java.util.Spliterators$ArraySpliterator.tryAdvance(Spliterators.java:958)
	at java.util.stream.ReferencePipeline.forEachWithCancel(ReferencePipeline.java:126)
	at java.util.stream.AbstractPipeline.copyIntoWithCancel(AbstractPipeline.java:498)
	at java.util.stream.AbstractPipeline.copyInto(AbstractPipeline.java:485)
	at java.util.stream.AbstractPipeline.wrapAndCopyInto(AbstractPipeline.java:471)
	at java.util.stream.FindOps$FindOp.evaluateSequential(FindOps.java:152)
	at java.util.stream.AbstractPipeline.evaluate(AbstractPipeline.java:234)
	at java.util.stream.ReferencePipeline.findFirst(ReferencePipeline.java:464)
	at org.openqa.selenium.remote.ProtocolHandshake.createSession(ProtocolHandshake.java:126)
	at org.openqa.selenium.remote.ProtocolHandshake.createSession(ProtocolHandshake.java:73)
	at org.openqa.selenium.remote.HttpCommandExecutor.execute(HttpCommandExecutor.java:136)
	at org.openqa.selenium.remote.service.DriverCommandExecutor.execute(DriverCommandExecutor.java:83)
	at org.openqa.selenium.remote.RemoteWebDriver.execute(RemoteWebDriver.java:545)
	at org.openqa.selenium.remote.RemoteWebDriver.startSession(RemoteWebDriver.java:209)
	at org.openqa.selenium.remote.RemoteWebDriver.<init>(RemoteWebDriver.java:132)
	at org.openqa.selenium.chrome.ChromeDriver.<init>(ChromeDriver.java:181)
	at org.openqa.selenium.chrome.ChromeDriver.<init>(ChromeDriver.java:168)
	at org.openqa.selenium.chrome.ChromeDriver.<init>(ChromeDriver.java:123)
	at CommonPage.CommonTestcase.openMultiBrowser(CommonTestcase.java:44)
	at com.payzing.testcase.HomePageScript_JXM.beforeClass(HomePageScript_JXM.java:41)
	at java.util.concurrent.ThreadPoolExecutor.runWorker(ThreadPoolExecutor.java:1149)
	at java.util.concurrent.ThreadPoolExecutor$Worker.run(ThreadPoolExecutor.java:624)
	at java.lang.Thread.run(Thread.java:748)
... Removed 14 stack frames]]>
    </failure>
  </testcase> <!-- @BeforeClass beforeClass -->
  <testcase name="@BeforeMethod beforeMethod" time="0.0" classname="com.payzing.testcase.HomePageScript_JXM">
    <skipped/>
  </testcase> <!-- @BeforeMethod beforeMethod -->
  <testcase name="@AfterMethod afterMethod" time="0.0" classname="com.payzing.testcase.HomePageScript_JXM">
    <skipped/>
  </testcase> <!-- @AfterMethod afterMethod -->
  <testcase name="@BeforeMethod beforeMethod" time="0.0" classname="com.payzing.testcase.HomePageScript_JXM">
    <skipped/>
  </testcase> <!-- @BeforeMethod beforeMethod -->
  <testcase name="@AfterMethod afterMethod" time="0.0" classname="com.payzing.testcase.HomePageScript_JXM">
    <skipped/>
  </testcase> <!-- @AfterMethod afterMethod -->
  <testcase name="@BeforeMethod beforeMethod" time="0.0" classname="com.payzing.testcase.HomePageScript_JXM">
    <skipped/>
  </testcase> <!-- @BeforeMethod beforeMethod -->
  <testcase name="@AfterMethod afterMethod" time="0.0" classname="com.payzing.testcase.HomePageScript_JXM">
    <skipped/>
  </testcase> <!-- @AfterMethod afterMethod -->
  <testcase name="@BeforeMethod beforeMethod" time="0.0" classname="com.payzing.testcase.HomePageScript_JXM">
    <skipped/>
  </testcase> <!-- @BeforeMethod beforeMethod -->
  <testcase name="@AfterMethod afterMethod" time="0.0" classname="com.payzing.testcase.HomePageScript_JXM">
    <skipped/>
  </testcase> <!-- @AfterMethod afterMethod -->
  <testcase name="@BeforeMethod beforeMethod" time="0.0" classname="com.payzing.testcase.HomePageScript_JXM">
    <skipped/>
  </testcase> <!-- @BeforeMethod beforeMethod -->
  <testcase name="@AfterMethod afterMethod" time="0.0" classname="com.payzing.testcase.HomePageScript_JXM">
    <skipped/>
  </testcase> <!-- @AfterMethod afterMethod -->
  <testcase name="@BeforeMethod beforeMethod" time="0.0" classname="com.payzing.testcase.HomePageScript_JXM">
    <skipped/>
  </testcase> <!-- @BeforeMethod beforeMethod -->
  <testcase name="@AfterMethod afterMethod" time="0.0" classname="com.payzing.testcase.HomePageScript_JXM">
    <skipped/>
  </testcase> <!-- @AfterMethod afterMethod -->
  <testcase name="@BeforeMethod beforeMethod" time="0.0" classname="com.payzing.testcase.HomePageScript_JXM">
    <skipped/>
  </testcase> <!-- @BeforeMethod beforeMethod -->
  <testcase name="@AfterMethod afterMethod" time="0.0" classname="com.payzing.testcase.HomePageScript_JXM">
    <skipped/>
  </testcase> <!-- @AfterMethod afterMethod -->
  <testcase name="@BeforeMethod beforeMethod" time="0.0" classname="com.payzing.testcase.HomePageScript_JXM">
    <skipped/>
  </testcase> <!-- @BeforeMethod beforeMethod -->
  <testcase name="@AfterMethod afterMethod" time="0.0" classname="com.payzing.testcase.HomePageScript_JXM">
    <skipped/>
  </testcase> <!-- @AfterMethod afterMethod -->
  <testcase name="@BeforeMethod beforeMethod" time="0.0" classname="com.payzing.testcase.HomePageScript_JXM">
    <skipped/>
  </testcase> <!-- @BeforeMethod beforeMethod -->
  <testcase name="@AfterMethod afterMethod" time="0.0" classname="com.payzing.testcase.HomePageScript_JXM">
    <skipped/>
  </testcase> <!-- @AfterMethod afterMethod -->
  <testcase name="@BeforeMethod beforeMethod" time="0.0" classname="com.payzing.testcase.HomePageScript_JXM">
    <skipped/>
  </testcase> <!-- @BeforeMethod beforeMethod -->
  <testcase name="@AfterMethod afterMethod" time="0.0" classname="com.payzing.testcase.HomePageScript_JXM">
    <skipped/>
  </testcase> <!-- @AfterMethod afterMethod -->
  <testcase name="@BeforeMethod beforeMethod" time="0.0" classname="com.payzing.testcase.HomePageScript_JXM">
    <skipped/>
  </testcase> <!-- @BeforeMethod beforeMethod -->
  <testcase name="@AfterMethod afterMethod" time="0.0" classname="com.payzing.testcase.HomePageScript_JXM">
    <skipped/>
  </testcase> <!-- @AfterMethod afterMethod -->
  <testcase name="@BeforeMethod beforeMethod" time="0.0" classname="com.payzing.testcase.HomePageScript_JXM">
    <skipped/>
  </testcase> <!-- @BeforeMethod beforeMethod -->
  <testcase name="@AfterMethod afterMethod" time="0.0" classname="com.payzing.testcase.HomePageScript_JXM">
    <skipped/>
  </testcase> <!-- @AfterMethod afterMethod -->
  <testcase name="@BeforeMethod beforeMethod" time="0.0" classname="com.payzing.testcase.HomePageScript_JXM">
    <skipped/>
  </testcase> <!-- @BeforeMethod beforeMethod -->
  <testcase name="@AfterMethod afterMethod" time="0.0" classname="com.payzing.testcase.HomePageScript_JXM">
    <skipped/>
  </testcase> <!-- @AfterMethod afterMethod -->
  <testcase name="@BeforeMethod beforeMethod" time="0.0" classname="com.payzing.testcase.HomePageScript_JXM">
    <skipped/>
  </testcase> <!-- @BeforeMethod beforeMethod -->
  <testcase name="@AfterMethod afterMethod" time="0.0" classname="com.payzing.testcase.HomePageScript_JXM">
    <skipped/>
  </testcase> <!-- @AfterMethod afterMethod -->
  <testcase name="@BeforeMethod beforeMethod" time="0.0" classname="com.payzing.testcase.HomePageScript_JXM">
    <skipped/>
  </testcase> <!-- @BeforeMethod beforeMethod -->
  <testcase name="@AfterMethod afterMethod" time="0.0" classname="com.payzing.testcase.HomePageScript_JXM">
    <skipped/>
  </testcase> <!-- @AfterMethod afterMethod -->
  <testcase name="@AfterClass afterClass" time="0.0" classname="com.payzing.testcase.HomePageScript_JXM">
    <skipped/>
  </testcase> <!-- @AfterClass afterClass -->
  <testcase name="@BeforeMethod beforeMethod" time="0.0" classname="com.payzing.testcase.HomePageScript_CDKM">
    <failure type="java.lang.IllegalArgumentException" message="bound must be positive">
      <![CDATA[java.lang.IllegalArgumentException: bound must be positive
	at java.util.Random.nextInt(Random.java:388)
	at com.payzing.testcase.HomePageScript_CDKM.beforeMethod(HomePageScript_CDKM.java:144)
	at java.util.concurrent.ThreadPoolExecutor.runWorker(ThreadPoolExecutor.java:1149)
	at java.util.concurrent.ThreadPoolExecutor$Worker.run(ThreadPoolExecutor.java:624)
	at java.lang.Thread.run(Thread.java:748)
... Removed 12 stack frames]]>
    </failure>
  </testcase> <!-- @BeforeMethod beforeMethod -->
  <testcase name="@AfterMethod afterMethod" time="0.0" classname="com.payzing.testcase.HomePageScript_CDKM">
    <skipped/>
  </testcase> <!-- @AfterMethod afterMethod -->
  <testcase name="@BeforeMethod beforeMethod" time="0.0" classname="com.payzing.testcase.HomePageScript_CDKM">
    <skipped/>
  </testcase> <!-- @BeforeMethod beforeMethod -->
  <testcase name="@AfterMethod afterMethod" time="0.0" classname="com.payzing.testcase.HomePageScript_CDKM">
    <skipped/>
  </testcase> <!-- @AfterMethod afterMethod -->
  <testcase name="@BeforeMethod beforeMethod" time="0.0" classname="com.payzing.testcase.HomePageScript_CDKM">
    <skipped/>
  </testcase> <!-- @BeforeMethod beforeMethod -->
  <testcase name="@AfterMethod afterMethod" time="0.0" classname="com.payzing.testcase.HomePageScript_CDKM">
    <skipped/>
  </testcase> <!-- @AfterMethod afterMethod -->
  <testcase name="@BeforeMethod beforeMethod" time="0.0" classname="com.payzing.testcase.HomePageScript_CDKM">
    <skipped/>
  </testcase> <!-- @BeforeMethod beforeMethod -->
  <testcase name="@AfterMethod afterMethod" time="0.0" classname="com.payzing.testcase.HomePageScript_CDKM">
    <skipped/>
  </testcase> <!-- @AfterMethod afterMethod -->
  <testcase name="@BeforeMethod beforeMethod" time="0.0" classname="com.payzing.testcase.HomePageScript_CDKM">
    <skipped/>
  </testcase> <!-- @BeforeMethod beforeMethod -->
  <testcase name="@AfterMethod afterMethod" time="0.0" classname="com.payzing.testcase.HomePageScript_CDKM">
    <skipped/>
  </testcase> <!-- @AfterMethod afterMethod -->
  <testcase name="@BeforeMethod beforeMethod" time="0.0" classname="com.payzing.testcase.HomePageScript_CDKM">
    <skipped/>
  </testcase> <!-- @BeforeMethod beforeMethod -->
  <testcase name="@AfterMethod afterMethod" time="0.0" classname="com.payzing.testcase.HomePageScript_CDKM">
    <skipped/>
  </testcase> <!-- @AfterMethod afterMethod -->
  <testcase name="@BeforeMethod beforeMethod" time="0.0" classname="com.payzing.testcase.HomePageScript_CDKM">
    <skipped/>
  </testcase> <!-- @BeforeMethod beforeMethod -->
  <testcase name="@AfterMethod afterMethod" time="0.0" classname="com.payzing.testcase.HomePageScript_CDKM">
    <skipped/>
  </testcase> <!-- @AfterMethod afterMethod -->
  <testcase name="@BeforeMethod beforeMethod" time="0.0" classname="com.payzing.testcase.HomePageScript_CDKM">
    <skipped/>
  </testcase> <!-- @BeforeMethod beforeMethod -->
  <testcase name="@AfterMethod afterMethod" time="0.0" classname="com.payzing.testcase.HomePageScript_CDKM">
    <skipped/>
  </testcase> <!-- @AfterMethod afterMethod -->
  <testcase name="@BeforeMethod beforeMethod" time="0.0" classname="com.payzing.testcase.HomePageScript_CDKM">
    <skipped/>
  </testcase> <!-- @BeforeMethod beforeMethod -->
  <testcase name="@AfterMethod afterMethod" time="0.0" classname="com.payzing.testcase.HomePageScript_CDKM">
    <skipped/>
  </testcase> <!-- @AfterMethod afterMethod -->
  <testcase name="@BeforeMethod beforeMethod" time="0.0" classname="com.payzing.testcase.HomePageScript_CDKM">
    <skipped/>
  </testcase> <!-- @BeforeMethod beforeMethod -->
  <testcase name="@AfterMethod afterMethod" time="0.0" classname="com.payzing.testcase.HomePageScript_CDKM">
    <skipped/>
  </testcase> <!-- @AfterMethod afterMethod -->
  <testcase name="@BeforeMethod beforeMethod" time="0.0" classname="com.payzing.testcase.HomePageScript_CDKM">
    <skipped/>
  </testcase> <!-- @BeforeMethod beforeMethod -->
  <testcase name="@AfterMethod afterMethod" time="0.0" classname="com.payzing.testcase.HomePageScript_CDKM">
    <skipped/>
  </testcase> <!-- @AfterMethod afterMethod -->
  <testcase name="@BeforeMethod beforeMethod" time="0.0" classname="com.payzing.testcase.HomePageScript_CDKM">
    <skipped/>
  </testcase> <!-- @BeforeMethod beforeMethod -->
  <testcase name="@AfterMethod afterMethod" time="0.0" classname="com.payzing.testcase.HomePageScript_CDKM">
    <skipped/>
  </testcase> <!-- @AfterMethod afterMethod -->
  <testcase name="@BeforeMethod beforeMethod" time="0.0" classname="com.payzing.testcase.HomePageScript_CDKM">
    <skipped/>
  </testcase> <!-- @BeforeMethod beforeMethod -->
  <testcase name="@AfterMethod afterMethod" time="0.0" classname="com.payzing.testcase.HomePageScript_CDKM">
    <skipped/>
  </testcase> <!-- @AfterMethod afterMethod -->
  <testcase name="@BeforeMethod beforeMethod" time="0.0" classname="com.payzing.testcase.HomePageScript_CDKM">
    <skipped/>
  </testcase> <!-- @BeforeMethod beforeMethod -->
  <testcase name="@AfterMethod afterMethod" time="0.0" classname="com.payzing.testcase.HomePageScript_CDKM">
    <skipped/>
  </testcase> <!-- @AfterMethod afterMethod -->
  <testcase name="@BeforeMethod beforeMethod" time="0.0" classname="com.payzing.testcase.HomePageScript_CDKM">
    <skipped/>
  </testcase> <!-- @BeforeMethod beforeMethod -->
  <testcase name="@AfterMethod afterMethod" time="0.0" classname="com.payzing.testcase.HomePageScript_CDKM">
    <skipped/>
  </testcase> <!-- @AfterMethod afterMethod -->
  <testcase name="@AfterClass afterClass" time="0.0" classname="com.payzing.testcase.HomePageScript_CDKM">
    <skipped/>
  </testcase> <!-- @AfterClass afterClass -->
  <testcase name="testcase_01_ZaloPay_Verify_display_QR_code" time="0.001" classname="com.payzing.testcase.HomePageScript_JXM">
    <skipped/>
  </testcase> <!-- testcase_01_ZaloPay_Verify_display_QR_code -->
  <testcase name="testcase_02_ZingCard_Verify_display_form_input_information_card" time="0.002" classname="com.payzing.testcase.HomePageScript_JXM">
    <skipped/>
  </testcase> <!-- testcase_02_ZingCard_Verify_display_form_input_information_card -->
  <testcase name="testcase_03_ZingCard_Verify_display_message_when_dont_input_Seri_and_Pin_card" time="0.001" classname="com.payzing.testcase.HomePageScript_JXM">
    <skipped/>
  </testcase> <!-- testcase_03_ZingCard_Verify_display_message_when_dont_input_Seri_and_Pin_card -->
  <testcase name="testcase_04_ZingCard_Verify_display_message_when_only_input_Seri" time="0.001" classname="com.payzing.testcase.HomePageScript_JXM">
    <skipped/>
  </testcase> <!-- testcase_04_ZingCard_Verify_display_message_when_only_input_Seri -->
  <testcase name="testcase_05_ZingCard_Verify_display_message_when_only_input_Pin" time="0.001" classname="com.payzing.testcase.HomePageScript_JXM">
    <skipped/>
  </testcase> <!-- testcase_05_ZingCard_Verify_display_message_when_only_input_Pin -->
  <testcase name="testcase_06_ZingCard_Verify_display_message_when_input_card_invalid" time="0.001" classname="com.payzing.testcase.HomePageScript_JXM">
    <skipped/>
  </testcase> <!-- testcase_06_ZingCard_Verify_display_message_when_input_card_invalid -->
  <testcase name="testcase_07_ZingCard_Verify_display_message_when_input_card_had_used" time="0.001" classname="com.payzing.testcase.HomePageScript_JXM">
    <skipped/>
  </testcase> <!-- testcase_07_ZingCard_Verify_display_message_when_input_card_had_used -->
  <testcase name="testcase_08_ATM_Transfer_Napas" time="0.001" classname="com.payzing.testcase.HomePageScript_JXM">
    <skipped/>
  </testcase> <!-- testcase_08_ATM_Transfer_Napas -->
  <testcase name="testcase_09_ATM_Transfer_Napas_Verify_display_message_when_dont_input_information_card" time="0.001" classname="com.payzing.testcase.HomePageScript_JXM">
    <skipped/>
  </testcase> <!-- testcase_09_ATM_Transfer_Napas_Verify_display_message_when_dont_input_information_card -->
  <testcase name="testcase_10_ATM_Transfer_Napas" time="0.001" classname="com.payzing.testcase.HomePageScript_JXM">
    <skipped/>
  </testcase> <!-- testcase_10_ATM_Transfer_Napas -->
  <testcase name="testcase_11_ATM_Transfer_BANK_WEB" time="0.0" classname="com.payzing.testcase.HomePageScript_JXM">
    <skipped/>
  </testcase> <!-- testcase_11_ATM_Transfer_BANK_WEB -->
  <testcase name="testcase_12_ATM_Transfer_ZaloPay_Verify_display_form_input_infor_card" time="0.001" classname="com.payzing.testcase.HomePageScript_JXM">
    <skipped/>
  </testcase> <!-- testcase_12_ATM_Transfer_ZaloPay_Verify_display_form_input_infor_card -->
  <testcase name="testcase_13_ATM_Transfer_ZaloPay_Verify_display_transactionID" time="0.0" classname="com.payzing.testcase.HomePageScript_JXM">
    <skipped/>
  </testcase> <!-- testcase_13_ATM_Transfer_ZaloPay_Verify_display_transactionID -->
  <testcase name="testcase_14_Credit_Card" time="0.0" classname="com.payzing.testcase.HomePageScript_JXM">
    <skipped/>
  </testcase> <!-- testcase_14_Credit_Card -->
  <testcase name="testcase_15_SMS" time="0.001" classname="com.payzing.testcase.HomePageScript_JXM">
    <skipped/>
  </testcase> <!-- testcase_15_SMS -->
  <testcase name="testcase_01_ZaloPay_Verify_display_QR_code" time="0.0" classname="com.payzing.testcase.HomePageScript_CDKM">
    <skipped/>
  </testcase> <!-- testcase_01_ZaloPay_Verify_display_QR_code -->
  <testcase name="testcase_02_ZingCard_Verify_display_form_input_information_card" time="0.001" classname="com.payzing.testcase.HomePageScript_CDKM">
    <skipped/>
  </testcase> <!-- testcase_02_ZingCard_Verify_display_form_input_information_card -->
  <testcase name="testcase_03_ZingCard_Verify_display_message_when_dont_input_Seri_and_Pin_card" time="0.0" classname="com.payzing.testcase.HomePageScript_CDKM">
    <skipped/>
  </testcase> <!-- testcase_03_ZingCard_Verify_display_message_when_dont_input_Seri_and_Pin_card -->
  <testcase name="testcase_04_ZingCard_Verify_display_message_when_only_input_Seri" time="0.0" classname="com.payzing.testcase.HomePageScript_CDKM">
    <skipped/>
  </testcase> <!-- testcase_04_ZingCard_Verify_display_message_when_only_input_Seri -->
  <testcase name="testcase_05_ZingCard_Verify_display_message_when_only_input_Pin" time="0.001" classname="com.payzing.testcase.HomePageScript_CDKM">
    <skipped/>
  </testcase> <!-- testcase_05_ZingCard_Verify_display_message_when_only_input_Pin -->
  <testcase name="testcase_06_ZingCard_Verify_display_message_when_input_card_invalid" time="0.001" classname="com.payzing.testcase.HomePageScript_CDKM">
    <skipped/>
  </testcase> <!-- testcase_06_ZingCard_Verify_display_message_when_input_card_invalid -->
  <testcase name="testcase_07_ZingCard_Verify_display_message_when_input_card_had_used" time="0.001" classname="com.payzing.testcase.HomePageScript_CDKM">
    <skipped/>
  </testcase> <!-- testcase_07_ZingCard_Verify_display_message_when_input_card_had_used -->
  <testcase name="testcase_08_ATM_Transfer_Napas" time="0.0" classname="com.payzing.testcase.HomePageScript_CDKM">
    <skipped/>
  </testcase> <!-- testcase_08_ATM_Transfer_Napas -->
  <testcase name="testcase_09_ATM_Transfer_Napas_Verify_display_message_when_dont_input_information_card" time="0.001" classname="com.payzing.testcase.HomePageScript_CDKM">
    <skipped/>
  </testcase> <!-- testcase_09_ATM_Transfer_Napas_Verify_display_message_when_dont_input_information_card -->
  <testcase name="testcase_10_ATM_Transfer_Napas" time="0.0" classname="com.payzing.testcase.HomePageScript_CDKM">
    <skipped/>
  </testcase> <!-- testcase_10_ATM_Transfer_Napas -->
  <testcase name="testcase_11_ATM_Transfer_BANK_WEB" time="0.0" classname="com.payzing.testcase.HomePageScript_CDKM">
    <skipped/>
  </testcase> <!-- testcase_11_ATM_Transfer_BANK_WEB -->
  <testcase name="testcase_12_ATM_Transfer_ZaloPay_Verify_display_form_input_infor_card" time="0.001" classname="com.payzing.testcase.HomePageScript_CDKM">
    <skipped/>
  </testcase> <!-- testcase_12_ATM_Transfer_ZaloPay_Verify_display_form_input_infor_card -->
  <testcase name="testcase_13_ATM_Transfer_ZaloPay_Verify_display_transactionID" time="0.001" classname="com.payzing.testcase.HomePageScript_CDKM">
    <skipped/>
  </testcase> <!-- testcase_13_ATM_Transfer_ZaloPay_Verify_display_transactionID -->
  <testcase name="testcase_14_Credit_Card" time="0.001" classname="com.payzing.testcase.HomePageScript_CDKM">
    <skipped/>
  </testcase> <!-- testcase_14_Credit_Card -->
  <testcase name="testcase_15_SMS" time="0.001" classname="com.payzing.testcase.HomePageScript_CDKM">
    <skipped/>
  </testcase> <!-- testcase_15_SMS -->
</testsuite> <!-- Payment on Chrome -->
