<!DOCTYPE html>

<html>
  <head>
  <title>TestNG reports</title>

    <link type="text/css" href="testng-reports.css" rel="stylesheet" />  
    <script type="text/javascript" src="jquery-1.7.1.min.js"></script>
    <script type="text/javascript" src="testng-reports.js"></script>
    <script type="text/javascript" src="https://www.google.com/jsapi"></script>
    <script type='text/javascript'>
      google.load('visualization', '1', {packages:['table']});
      google.setOnLoadCallback(drawTable);
      var suiteTableInitFunctions = new Array();
      var suiteTableData = new Array();
    </script>
    <!--
      <script type="text/javascript" src="jquery-ui/js/jquery-ui-1.8.16.custom.min.js"></script>
     -->
  </head>

  <body>
    <div class="top-banner-root">
      <span class="top-banner-title-font">Test results</span>
      <br/>
      <span class="top-banner-font-1">1 suite, 5 failed tests</span>
    </div> <!-- top-banner-root -->
    <div class="navigator-root">
      <div class="navigator-suite-header">
        <span>All suites</span>
        <a href="#" class="collapse-all-link" title="Collapse/expand all the suites">
          <img class="collapse-all-icon" src="collapseall.gif">
          </img> <!-- collapse-all-icon -->
        </a> <!-- collapse-all-link -->
      </div> <!-- navigator-suite-header -->
      <div class="suite">
        <div class="rounded-window">
          <div class="suite-header light-rounded-window-top">
            <a href="#" class="navigator-link" panel-name="suite-Suite">
              <span class="suite-name border-failed">Suite</span>
            </a> <!-- navigator-link -->
          </div> <!-- suite-header light-rounded-window-top -->
          <div class="navigator-suite-content">
            <div class="suite-section-title">
              <span>Info</span>
            </div> <!-- suite-section-title -->
            <div class="suite-section-content">
              <ul>
                <li>
                  <a href="#" class="navigator-link " panel-name="test-xml-Suite">
                    <span>C:\Users\LAP12160-local\eclipse-workspace\TestNG_POM_GT_WebPayment\src\test\java\runGT_WebPayment.xml</span>
                  </a> <!-- navigator-link  -->
                </li>
                <li>
                  <a href="#" class="navigator-link " panel-name="testlist-Suite">
                    <span class="test-stats">2 tests</span>
                  </a> <!-- navigator-link  -->
                </li>
                <li>
                  <a href="#" class="navigator-link " panel-name="group-Suite">
                    <span>0 groups</span>
                  </a> <!-- navigator-link  -->
                </li>
                <li>
                  <a href="#" class="navigator-link " panel-name="times-Suite">
                    <span>Times</span>
                  </a> <!-- navigator-link  -->
                </li>
                <li>
                  <a href="#" class="navigator-link " panel-name="reporter-Suite">
                    <span>Reporter output</span>
                  </a> <!-- navigator-link  -->
                </li>
                <li>
                  <a href="#" class="navigator-link " panel-name="ignored-methods-Suite">
                    <span>Ignored methods</span>
                  </a> <!-- navigator-link  -->
                </li>
                <li>
                  <a href="#" class="navigator-link " panel-name="chronological-Suite">
                    <span>Chronological view</span>
                  </a> <!-- navigator-link  -->
                </li>
              </ul>
            </div> <!-- suite-section-content -->
            <div class="result-section">
              <div class="suite-section-title">
                <span>Results</span>
              </div> <!-- suite-section-title -->
              <div class="suite-section-content">
                <ul>
                  <li>
                    <span class="method-stats">30 methods, 5 failed,  15 skipped,  10 passed</span>
                  </li>
                  <li>
                    <span class="method-list-title failed">Failed methods</span>
                    <span class="show-or-hide-methods failed">
                      <a href="#" panel-name="suite-Suite" class="hide-methods failed suite-Suite"> (hide)</a> <!-- hide-methods failed suite-Suite -->
                      <a href="#" panel-name="suite-Suite" class="show-methods failed suite-Suite"> (show)</a> <!-- show-methods failed suite-Suite -->
                    </span>
                    <div class="method-list-content failed suite-Suite">
                      <span>
                        <img width="3%" src="failed.png"/>
                        <a href="#" class="method navigator-link" panel-name="suite-Suite" title="com.payzing.testcase.HomePageScript_JXM" hash-for-method="testcase_05_ZingCard_Verify_display_message_when_only_input_Pin">testcase_05_ZingCard_Verify_display_message_when_only_input_Pin</a> <!-- method navigator-link -->
                      </span>
                      <br/>
                      <span>
                        <img width="3%" src="failed.png"/>
                        <a href="#" class="method navigator-link" panel-name="suite-Suite" title="com.payzing.testcase.HomePageScript_JXM" hash-for-method="testcase_06_ZingCard_Verify_display_message_when_input_card_invalid">testcase_06_ZingCard_Verify_display_message_when_input_card_invalid</a> <!-- method navigator-link -->
                      </span>
                      <br/>
                      <span>
                        <img width="3%" src="failed.png"/>
                        <a href="#" class="method navigator-link" panel-name="suite-Suite" title="com.payzing.testcase.HomePageScript_JXM" hash-for-method="testcase_07_ZingCard_Verify_display_message_when_input_card_had_used">testcase_07_ZingCard_Verify_display_message_when_input_card_had_used</a> <!-- method navigator-link -->
                      </span>
                      <br/>
                      <span>
                        <img width="3%" src="failed.png"/>
                        <a href="#" class="method navigator-link" panel-name="suite-Suite" title="com.payzing.testcase.HomePageScript_JXM" hash-for-method="testcase_10_ATM_Transfer_Napas">testcase_10_ATM_Transfer_Napas</a> <!-- method navigator-link -->
                      </span>
                      <br/>
                      <span>
                        <img width="3%" src="failed.png"/>
                        <a href="#" class="method navigator-link" panel-name="suite-Suite" title="com.payzing.testcase.HomePageScript_JXM" hash-for-method="testcase_11_ATM_Transfer_BANK_WEB">testcase_11_ATM_Transfer_BANK_WEB</a> <!-- method navigator-link -->
                      </span>
                      <br/>
                    </div> <!-- method-list-content failed suite-Suite -->
                  </li>
                  <li>
                    <span class="method-list-title skipped">Skipped methods</span>
                    <span class="show-or-hide-methods skipped">
                      <a href="#" panel-name="suite-Suite" class="hide-methods skipped suite-Suite"> (hide)</a> <!-- hide-methods skipped suite-Suite -->
                      <a href="#" panel-name="suite-Suite" class="show-methods skipped suite-Suite"> (show)</a> <!-- show-methods skipped suite-Suite -->
                    </span>
                    <div class="method-list-content skipped suite-Suite">
                      <span>
                        <img width="3%" src="skipped.png"/>
                        <a href="#" class="method navigator-link" panel-name="suite-Suite" title="com.payzing.testcase.HomePageScript_CDKM" hash-for-method="testcase_01_ZaloPay_Verify_display_QR_code">testcase_01_ZaloPay_Verify_display_QR_code</a> <!-- method navigator-link -->
                      </span>
                      <br/>
                      <span>
                        <img width="3%" src="skipped.png"/>
                        <a href="#" class="method navigator-link" panel-name="suite-Suite" title="com.payzing.testcase.HomePageScript_CDKM" hash-for-method="testcase_02_ZingCard_Verify_display_form_input_information_card">testcase_02_ZingCard_Verify_display_form_input_information_card</a> <!-- method navigator-link -->
                      </span>
                      <br/>
                      <span>
                        <img width="3%" src="skipped.png"/>
                        <a href="#" class="method navigator-link" panel-name="suite-Suite" title="com.payzing.testcase.HomePageScript_CDKM" hash-for-method="testcase_03_ZingCard_Verify_display_message_when_dont_input_Seri_and_Pin_card">testcase_03_ZingCard_Verify_display_message_when_dont_input_Seri_and_Pin_card</a> <!-- method navigator-link -->
                      </span>
                      <br/>
                      <span>
                        <img width="3%" src="skipped.png"/>
                        <a href="#" class="method navigator-link" panel-name="suite-Suite" title="com.payzing.testcase.HomePageScript_CDKM" hash-for-method="testcase_04_ZingCard_Verify_display_message_when_only_input_Seri">testcase_04_ZingCard_Verify_display_message_when_only_input_Seri</a> <!-- method navigator-link -->
                      </span>
                      <br/>
                      <span>
                        <img width="3%" src="skipped.png"/>
                        <a href="#" class="method navigator-link" panel-name="suite-Suite" title="com.payzing.testcase.HomePageScript_CDKM" hash-for-method="testcase_05_ZingCard_Verify_display_message_when_only_input_Pin">testcase_05_ZingCard_Verify_display_message_when_only_input_Pin</a> <!-- method navigator-link -->
                      </span>
                      <br/>
                      <span>
                        <img width="3%" src="skipped.png"/>
                        <a href="#" class="method navigator-link" panel-name="suite-Suite" title="com.payzing.testcase.HomePageScript_CDKM" hash-for-method="testcase_06_ZingCard_Verify_display_message_when_input_card_invalid">testcase_06_ZingCard_Verify_display_message_when_input_card_invalid</a> <!-- method navigator-link -->
                      </span>
                      <br/>
                      <span>
                        <img width="3%" src="skipped.png"/>
                        <a href="#" class="method navigator-link" panel-name="suite-Suite" title="com.payzing.testcase.HomePageScript_CDKM" hash-for-method="testcase_07_ZingCard_Verify_display_message_when_input_card_had_used">testcase_07_ZingCard_Verify_display_message_when_input_card_had_used</a> <!-- method navigator-link -->
                      </span>
                      <br/>
                      <span>
                        <img width="3%" src="skipped.png"/>
                        <a href="#" class="method navigator-link" panel-name="suite-Suite" title="com.payzing.testcase.HomePageScript_CDKM" hash-for-method="testcase_08_ATM_Transfer_Napas">testcase_08_ATM_Transfer_Napas</a> <!-- method navigator-link -->
                      </span>
                      <br/>
                      <span>
                        <img width="3%" src="skipped.png"/>
                        <a href="#" class="method navigator-link" panel-name="suite-Suite" title="com.payzing.testcase.HomePageScript_CDKM" hash-for-method="testcase_09_ATM_Transfer_Napas_Verify_display_message_when_dont_input_information_card">testcase_09_ATM_Transfer_Napas_Verify_display_message_when_dont_input_information_card</a> <!-- method navigator-link -->
                      </span>
                      <br/>
                      <span>
                        <img width="3%" src="skipped.png"/>
                        <a href="#" class="method navigator-link" panel-name="suite-Suite" title="com.payzing.testcase.HomePageScript_CDKM" hash-for-method="testcase_10_ATM_Transfer_Napas">testcase_10_ATM_Transfer_Napas</a> <!-- method navigator-link -->
                      </span>
                      <br/>
                      <span>
                        <img width="3%" src="skipped.png"/>
                        <a href="#" class="method navigator-link" panel-name="suite-Suite" title="com.payzing.testcase.HomePageScript_CDKM" hash-for-method="testcase_11_ATM_Transfer_BANK_WEB">testcase_11_ATM_Transfer_BANK_WEB</a> <!-- method navigator-link -->
                      </span>
                      <br/>
                      <span>
                        <img width="3%" src="skipped.png"/>
                        <a href="#" class="method navigator-link" panel-name="suite-Suite" title="com.payzing.testcase.HomePageScript_CDKM" hash-for-method="testcase_12_ATM_Transfer_ZaloPay_Verify_display_form_input_infor_card">testcase_12_ATM_Transfer_ZaloPay_Verify_display_form_input_infor_card</a> <!-- method navigator-link -->
                      </span>
                      <br/>
                      <span>
                        <img width="3%" src="skipped.png"/>
                        <a href="#" class="method navigator-link" panel-name="suite-Suite" title="com.payzing.testcase.HomePageScript_CDKM" hash-for-method="testcase_13_ATM_Transfer_ZaloPay_Verify_display_transactionID">testcase_13_ATM_Transfer_ZaloPay_Verify_display_transactionID</a> <!-- method navigator-link -->
                      </span>
                      <br/>
                      <span>
                        <img width="3%" src="skipped.png"/>
                        <a href="#" class="method navigator-link" panel-name="suite-Suite" title="com.payzing.testcase.HomePageScript_CDKM" hash-for-method="testcase_14_Credit_Card">testcase_14_Credit_Card</a> <!-- method navigator-link -->
                      </span>
                      <br/>
                      <span>
                        <img width="3%" src="skipped.png"/>
                        <a href="#" class="method navigator-link" panel-name="suite-Suite" title="com.payzing.testcase.HomePageScript_CDKM" hash-for-method="testcase_15_SMS">testcase_15_SMS</a> <!-- method navigator-link -->
                      </span>
                      <br/>
                    </div> <!-- method-list-content skipped suite-Suite -->
                  </li>
                  <li>
                    <span class="method-list-title passed">Passed methods</span>
                    <span class="show-or-hide-methods passed">
                      <a href="#" panel-name="suite-Suite" class="hide-methods passed suite-Suite"> (hide)</a> <!-- hide-methods passed suite-Suite -->
                      <a href="#" panel-name="suite-Suite" class="show-methods passed suite-Suite"> (show)</a> <!-- show-methods passed suite-Suite -->
                    </span>
                    <div class="method-list-content passed suite-Suite">
                      <span>
                        <img width="3%" src="passed.png"/>
                        <a href="#" class="method navigator-link" panel-name="suite-Suite" title="com.payzing.testcase.HomePageScript_JXM" hash-for-method="testcase_01_ZaloPay_Verify_display_QR_code">testcase_01_ZaloPay_Verify_display_QR_code</a> <!-- method navigator-link -->
                      </span>
                      <br/>
                      <span>
                        <img width="3%" src="passed.png"/>
                        <a href="#" class="method navigator-link" panel-name="suite-Suite" title="com.payzing.testcase.HomePageScript_JXM" hash-for-method="testcase_02_ZingCard_Verify_display_form_input_information_card">testcase_02_ZingCard_Verify_display_form_input_information_card</a> <!-- method navigator-link -->
                      </span>
                      <br/>
                      <span>
                        <img width="3%" src="passed.png"/>
                        <a href="#" class="method navigator-link" panel-name="suite-Suite" title="com.payzing.testcase.HomePageScript_JXM" hash-for-method="testcase_03_ZingCard_Verify_display_message_when_dont_input_Seri_and_Pin_card">testcase_03_ZingCard_Verify_display_message_when_dont_input_Seri_and_Pin_card</a> <!-- method navigator-link -->
                      </span>
                      <br/>
                      <span>
                        <img width="3%" src="passed.png"/>
                        <a href="#" class="method navigator-link" panel-name="suite-Suite" title="com.payzing.testcase.HomePageScript_JXM" hash-for-method="testcase_04_ZingCard_Verify_display_message_when_only_input_Seri">testcase_04_ZingCard_Verify_display_message_when_only_input_Seri</a> <!-- method navigator-link -->
                      </span>
                      <br/>
                      <span>
                        <img width="3%" src="passed.png"/>
                        <a href="#" class="method navigator-link" panel-name="suite-Suite" title="com.payzing.testcase.HomePageScript_JXM" hash-for-method="testcase_08_ATM_Transfer_Napas">testcase_08_ATM_Transfer_Napas</a> <!-- method navigator-link -->
                      </span>
                      <br/>
                      <span>
                        <img width="3%" src="passed.png"/>
                        <a href="#" class="method navigator-link" panel-name="suite-Suite" title="com.payzing.testcase.HomePageScript_JXM" hash-for-method="testcase_09_ATM_Transfer_Napas_Verify_display_message_when_dont_input_information_card">testcase_09_ATM_Transfer_Napas_Verify_display_message_when_dont_input_information_card</a> <!-- method navigator-link -->
                      </span>
                      <br/>
                      <span>
                        <img width="3%" src="passed.png"/>
                        <a href="#" class="method navigator-link" panel-name="suite-Suite" title="com.payzing.testcase.HomePageScript_JXM" hash-for-method="testcase_12_ATM_Transfer_ZaloPay_Verify_display_form_input_infor_card">testcase_12_ATM_Transfer_ZaloPay_Verify_display_form_input_infor_card</a> <!-- method navigator-link -->
                      </span>
                      <br/>
                      <span>
                        <img width="3%" src="passed.png"/>
                        <a href="#" class="method navigator-link" panel-name="suite-Suite" title="com.payzing.testcase.HomePageScript_JXM" hash-for-method="testcase_13_ATM_Transfer_ZaloPay_Verify_display_transactionID">testcase_13_ATM_Transfer_ZaloPay_Verify_display_transactionID</a> <!-- method navigator-link -->
                      </span>
                      <br/>
                      <span>
                        <img width="3%" src="passed.png"/>
                        <a href="#" class="method navigator-link" panel-name="suite-Suite" title="com.payzing.testcase.HomePageScript_JXM" hash-for-method="testcase_14_Credit_Card">testcase_14_Credit_Card</a> <!-- method navigator-link -->
                      </span>
                      <br/>
                      <span>
                        <img width="3%" src="passed.png"/>
                        <a href="#" class="method navigator-link" panel-name="suite-Suite" title="com.payzing.testcase.HomePageScript_JXM" hash-for-method="testcase_15_SMS">testcase_15_SMS</a> <!-- method navigator-link -->
                      </span>
                      <br/>
                    </div> <!-- method-list-content passed suite-Suite -->
                  </li>
                </ul>
              </div> <!-- suite-section-content -->
            </div> <!-- result-section -->
          </div> <!-- navigator-suite-content -->
        </div> <!-- rounded-window -->
      </div> <!-- suite -->
    </div> <!-- navigator-root -->
    <div class="wrapper">
      <div class="main-panel-root">
        <div panel-name="suite-Suite" class="panel Suite">
          <div class="suite-Suite-class-failed">
            <div class="main-panel-header rounded-window-top">
              <img src="failed.png"/>
              <span class="class-name">com.payzing.testcase.HomePageScript_JXM</span>
            </div> <!-- main-panel-header rounded-window-top -->
            <div class="main-panel-content rounded-window-bottom">
              <div class="method">
                <div class="method-content">
                  <a name="testcase_05_ZingCard_Verify_display_message_when_only_input_Pin">
                  </a> <!-- testcase_05_ZingCard_Verify_display_message_when_only_input_Pin -->
                  <span class="method-name">testcase_05_ZingCard_Verify_display_message_when_only_input_Pin</span>
                  <div class="stack-trace"><b>"org.openqa.selenium.TimeoutException: Expected condition failed: waiting for visibility of element located by By.xpath: //h4[@id=&apos;txtpaymentMethodcard&apos;] (tried for 100 second(s) with 500 milliseconds interval)
	at org.openqa.selenium.support.ui.WebDriverWait.timeoutException(WebDriverWait.java:81)
	at org.openqa.selenium.support.ui.FluentWait.until(FluentWait.java:271)
	at CommonPage.commonFunction.waitVisible(commonFunction.java:307)
	at com.payzing.actions.HomePage.clickPhuongThuc_ZingCard(HomePage.java:122)
	at com.payzing.testcase.HomePageScript_JXM.testcase_05_ZingCard_Verify_display_message_when_only_input_Pin(HomePageScript_JXM.java:230)
	at java.util.concurrent.FutureTask.run(FutureTask.java:266)
	at java.util.concurrent.ThreadPoolExecutor.runWorker(ThreadPoolExecutor.java:1149)
	at java.util.concurrent.ThreadPoolExecutor$Worker.run(ThreadPoolExecutor.java:624)
	at java.lang.Thread.run(Thread.java:748)
Caused by: org.openqa.selenium.NoSuchElementException: Cannot locate an element using By.xpath: //h4[@id=&apos;txtpaymentMethodcard&apos;]
For documentation on this error, please visit: http://seleniumhq.org/exceptions/no_such_element.html
Build info: version: &apos;3.11.0&apos;, revision: &apos;e59cfb3&apos;, time: &apos;2018-03-11T20:26:55.152Z&apos;
System info: host: &apos;NHUTBM&apos;, ip: &apos;192.168.56.1&apos;, os.name: &apos;Windows 10&apos;, os.arch: &apos;amd64&apos;, os.version: &apos;10.0&apos;, java.version: &apos;1.8.0_181&apos;
Driver info: driver.version: unknown
	at org.openqa.selenium.support.ui.ExpectedConditions.lambda$findElement$0(ExpectedConditions.java:896)
	at java.util.Optional.orElseThrow(Optional.java:290)
	at org.openqa.selenium.support.ui.ExpectedConditions.findElement(ExpectedConditions.java:895)
	at org.openqa.selenium.support.ui.ExpectedConditions.access$000(ExpectedConditions.java:44)
	at org.openqa.selenium.support.ui.ExpectedConditions$7.apply(ExpectedConditions.java:206)
	at org.openqa.selenium.support.ui.ExpectedConditions$7.apply(ExpectedConditions.java:202)
	at org.openqa.selenium.support.ui.FluentWait.until(FluentWait.java:248)
	... 23 more
... Removed 16 stack frames<br/> org.openqa.selenium.TimeoutException: Expected condition failed: waiting for visibility of element located by By.xpath: //h4[@id=&apos;txtpaymentMethodcard&apos;] (tried for 100 second(s) with 500 milliseconds interval)
	at org.openqa.selenium.support.ui.WebDriverWait.timeoutException(WebDriverWait.java:81)
	at org.openqa.selenium.support.ui.FluentWait.until(FluentWait.java:271)
	at CommonPage.commonFunction.waitVisible(commonFunction.java:307)
	at com.payzing.actions.HomePage.clickPhuongThuc_ZingCard(HomePage.java:122)
	at com.payzing.testcase.HomePageScript_JXM.testcase_05_ZingCard_Verify_display_message_when_only_input_Pin(HomePageScript_JXM.java:230)
	at sun.reflect.NativeMethodAccessorImpl.invoke0(Native Method)
	at sun.reflect.NativeMethodAccessorImpl.invoke(NativeMethodAccessorImpl.java:62)
	at sun.reflect.DelegatingMethodAccessorImpl.invoke(DelegatingMethodAccessorImpl.java:43)
	at java.lang.reflect.Method.invoke(Method.java:498)
	at org.testng.internal.MethodInvocationHelper.invokeMethod(MethodInvocationHelper.java:80)
	at org.testng.internal.Invoker.invokeMethod(Invoker.java:714)
	at org.testng.internal.Invoker.invokeTestMethod(Invoker.java:901)
	at org.testng.internal.Invoker.invokeTestMethods(Invoker.java:1231)
	at org.testng.internal.TestMethodWorker.invokeTestMethods(TestMethodWorker.java:127)
	at org.testng.internal.TestMethodWorker.run(TestMethodWorker.java:111)
	at org.testng.TestRunner.privateRun(TestRunner.java:767)
	at org.testng.TestRunner.run(TestRunner.java:617)
	at org.testng.SuiteRunner.runTest(SuiteRunner.java:334)
	at org.testng.SuiteRunner.access$000(SuiteRunner.java:37)
	at org.testng.SuiteRunner$SuiteWorker.run(SuiteRunner.java:368)
	at org.testng.internal.thread.ThreadUtil$2.call(ThreadUtil.java:64)
	at java.util.concurrent.FutureTask.run(FutureTask.java:266)
	at java.util.concurrent.ThreadPoolExecutor.runWorker(ThreadPoolExecutor.java:1149)
	at java.util.concurrent.ThreadPoolExecutor$Worker.run(ThreadPoolExecutor.java:624)
	at java.lang.Thread.run(Thread.java:748)
Caused by: org.openqa.selenium.NoSuchElementException: Cannot locate an element using By.xpath: //h4[@id=&apos;txtpaymentMethodcard&apos;]
For documentation on this error, please visit: http://seleniumhq.org/exceptions/no_such_element.html
Build info: version: &apos;3.11.0&apos;, revision: &apos;e59cfb3&apos;, time: &apos;2018-03-11T20:26:55.152Z&apos;
System info: host: &apos;NHUTBM&apos;, ip: &apos;192.168.56.1&apos;, os.name: &apos;Windows 10&apos;, os.arch: &apos;amd64&apos;, os.version: &apos;10.0&apos;, java.version: &apos;1.8.0_181&apos;
Driver info: driver.version: unknown
	at org.openqa.selenium.support.ui.ExpectedConditions.lambda$findElement$0(ExpectedConditions.java:896)
	at java.util.Optional.orElseThrow(Optional.java:290)
	at org.openqa.selenium.support.ui.ExpectedConditions.findElement(ExpectedConditions.java:895)
	at org.openqa.selenium.support.ui.ExpectedConditions.access$000(ExpectedConditions.java:44)
	at org.openqa.selenium.support.ui.ExpectedConditions$7.apply(ExpectedConditions.java:206)
	at org.openqa.selenium.support.ui.ExpectedConditions$7.apply(ExpectedConditions.java:202)
	at org.openqa.selenium.support.ui.FluentWait.until(FluentWait.java:248)
	... 23 more
"</b><br>org.openqa.selenium.support.ui.WebDriverWait.timeoutException(WebDriverWait.java:81)<br>org.openqa.selenium.support.ui.FluentWait.until(FluentWait.java:271)<br>CommonPage.commonFunction.waitVisible(commonFunction.java:307)<br>com.payzing.actions.HomePage.clickPhuongThuc_ZingCard(HomePage.java:122)<br>com.payzing.testcase.HomePageScript_JXM.testcase_05_ZingCard_Verify_display_message_when_only_input_Pin(HomePageScript_JXM.java:230)<br>sun.reflect.NativeMethodAccessorImpl.invoke0(Native Method)<br>sun.reflect.NativeMethodAccessorImpl.invoke(NativeMethodAccessorImpl.java:62)<br>sun.reflect.DelegatingMethodAccessorImpl.invoke(DelegatingMethodAccessorImpl.java:43)<br>java.lang.reflect.Method.invoke(Method.java:498)<br>org.testng.internal.MethodInvocationHelper.invokeMethod(MethodInvocationHelper.java:80)<br>org.testng.internal.Invoker.invokeMethod(Invoker.java:714)<br>org.testng.internal.Invoker.invokeTestMethod(Invoker.java:901)<br>org.testng.internal.Invoker.invokeTestMethods(Invoker.java:1231)<br>org.testng.internal.TestMethodWorker.invokeTestMethods(TestMethodWorker.java:127)<br>org.testng.internal.TestMethodWorker.run(TestMethodWorker.java:111)<br>org.testng.TestRunner.privateRun(TestRunner.java:767)<br>org.testng.TestRunner.run(TestRunner.java:617)<br>org.testng.SuiteRunner.runTest(SuiteRunner.java:334)<br>org.testng.SuiteRunner.access$000(SuiteRunner.java:37)<br>org.testng.SuiteRunner$SuiteWorker.run(SuiteRunner.java:368)<br>org.testng.internal.thread.ThreadUtil$2.call(ThreadUtil.java:64)<br>java.util.concurrent.FutureTask.run(FutureTask.java:266)<br>java.util.concurrent.ThreadPoolExecutor.runWorker(ThreadPoolExecutor.java:1149)<br>java.util.concurrent.ThreadPoolExecutor$Worker.run(ThreadPoolExecutor.java:624)<br>java.lang.Thread.run(Thread.java:748)<br>
</div> <!-- stack-trace -->
                </div> <!-- method-content -->
              </div> <!-- method -->
              <div class="method">
                <div class="method-content">
                  <a name="testcase_06_ZingCard_Verify_display_message_when_input_card_invalid">
                  </a> <!-- testcase_06_ZingCard_Verify_display_message_when_input_card_invalid -->
                  <span class="method-name">testcase_06_ZingCard_Verify_display_message_when_input_card_invalid</span>
                  <div class="stack-trace"><b>"org.openqa.selenium.TimeoutException: Expected condition failed: waiting for visibility of element located by By.xpath: //h4[@id=&apos;txtpaymentMethodcard&apos;] (tried for 100 second(s) with 500 milliseconds interval)
	at org.openqa.selenium.support.ui.WebDriverWait.timeoutException(WebDriverWait.java:81)
	at org.openqa.selenium.support.ui.FluentWait.until(FluentWait.java:271)
	at CommonPage.commonFunction.waitVisible(commonFunction.java:307)
	at com.payzing.actions.HomePage.clickPhuongThuc_ZingCard(HomePage.java:122)
	at com.payzing.testcase.HomePageScript_JXM.testcase_06_ZingCard_Verify_display_message_when_input_card_invalid(HomePageScript_JXM.java:249)
	at java.util.concurrent.FutureTask.run(FutureTask.java:266)
	at java.util.concurrent.ThreadPoolExecutor.runWorker(ThreadPoolExecutor.java:1149)
	at java.util.concurrent.ThreadPoolExecutor$Worker.run(ThreadPoolExecutor.java:624)
	at java.lang.Thread.run(Thread.java:748)
Caused by: org.openqa.selenium.NoSuchElementException: Cannot locate an element using By.xpath: //h4[@id=&apos;txtpaymentMethodcard&apos;]
For documentation on this error, please visit: http://seleniumhq.org/exceptions/no_such_element.html
Build info: version: &apos;3.11.0&apos;, revision: &apos;e59cfb3&apos;, time: &apos;2018-03-11T20:26:55.152Z&apos;
System info: host: &apos;NHUTBM&apos;, ip: &apos;192.168.56.1&apos;, os.name: &apos;Windows 10&apos;, os.arch: &apos;amd64&apos;, os.version: &apos;10.0&apos;, java.version: &apos;1.8.0_181&apos;
Driver info: driver.version: unknown
	at org.openqa.selenium.support.ui.ExpectedConditions.lambda$findElement$0(ExpectedConditions.java:896)
	at java.util.Optional.orElseThrow(Optional.java:290)
	at org.openqa.selenium.support.ui.ExpectedConditions.findElement(ExpectedConditions.java:895)
	at org.openqa.selenium.support.ui.ExpectedConditions.access$000(ExpectedConditions.java:44)
	at org.openqa.selenium.support.ui.ExpectedConditions$7.apply(ExpectedConditions.java:206)
	at org.openqa.selenium.support.ui.ExpectedConditions$7.apply(ExpectedConditions.java:202)
	at org.openqa.selenium.support.ui.FluentWait.until(FluentWait.java:248)
	... 23 more
... Removed 16 stack frames<br/> org.openqa.selenium.TimeoutException: Expected condition failed: waiting for visibility of element located by By.xpath: //h4[@id=&apos;txtpaymentMethodcard&apos;] (tried for 100 second(s) with 500 milliseconds interval)
	at org.openqa.selenium.support.ui.WebDriverWait.timeoutException(WebDriverWait.java:81)
	at org.openqa.selenium.support.ui.FluentWait.until(FluentWait.java:271)
	at CommonPage.commonFunction.waitVisible(commonFunction.java:307)
	at com.payzing.actions.HomePage.clickPhuongThuc_ZingCard(HomePage.java:122)
	at com.payzing.testcase.HomePageScript_JXM.testcase_06_ZingCard_Verify_display_message_when_input_card_invalid(HomePageScript_JXM.java:249)
	at sun.reflect.NativeMethodAccessorImpl.invoke0(Native Method)
	at sun.reflect.NativeMethodAccessorImpl.invoke(NativeMethodAccessorImpl.java:62)
	at sun.reflect.DelegatingMethodAccessorImpl.invoke(DelegatingMethodAccessorImpl.java:43)
	at java.lang.reflect.Method.invoke(Method.java:498)
	at org.testng.internal.MethodInvocationHelper.invokeMethod(MethodInvocationHelper.java:80)
	at org.testng.internal.Invoker.invokeMethod(Invoker.java:714)
	at org.testng.internal.Invoker.invokeTestMethod(Invoker.java:901)
	at org.testng.internal.Invoker.invokeTestMethods(Invoker.java:1231)
	at org.testng.internal.TestMethodWorker.invokeTestMethods(TestMethodWorker.java:127)
	at org.testng.internal.TestMethodWorker.run(TestMethodWorker.java:111)
	at org.testng.TestRunner.privateRun(TestRunner.java:767)
	at org.testng.TestRunner.run(TestRunner.java:617)
	at org.testng.SuiteRunner.runTest(SuiteRunner.java:334)
	at org.testng.SuiteRunner.access$000(SuiteRunner.java:37)
	at org.testng.SuiteRunner$SuiteWorker.run(SuiteRunner.java:368)
	at org.testng.internal.thread.ThreadUtil$2.call(ThreadUtil.java:64)
	at java.util.concurrent.FutureTask.run(FutureTask.java:266)
	at java.util.concurrent.ThreadPoolExecutor.runWorker(ThreadPoolExecutor.java:1149)
	at java.util.concurrent.ThreadPoolExecutor$Worker.run(ThreadPoolExecutor.java:624)
	at java.lang.Thread.run(Thread.java:748)
Caused by: org.openqa.selenium.NoSuchElementException: Cannot locate an element using By.xpath: //h4[@id=&apos;txtpaymentMethodcard&apos;]
For documentation on this error, please visit: http://seleniumhq.org/exceptions/no_such_element.html
Build info: version: &apos;3.11.0&apos;, revision: &apos;e59cfb3&apos;, time: &apos;2018-03-11T20:26:55.152Z&apos;
System info: host: &apos;NHUTBM&apos;, ip: &apos;192.168.56.1&apos;, os.name: &apos;Windows 10&apos;, os.arch: &apos;amd64&apos;, os.version: &apos;10.0&apos;, java.version: &apos;1.8.0_181&apos;
Driver info: driver.version: unknown
	at org.openqa.selenium.support.ui.ExpectedConditions.lambda$findElement$0(ExpectedConditions.java:896)
	at java.util.Optional.orElseThrow(Optional.java:290)
	at org.openqa.selenium.support.ui.ExpectedConditions.findElement(ExpectedConditions.java:895)
	at org.openqa.selenium.support.ui.ExpectedConditions.access$000(ExpectedConditions.java:44)
	at org.openqa.selenium.support.ui.ExpectedConditions$7.apply(ExpectedConditions.java:206)
	at org.openqa.selenium.support.ui.ExpectedConditions$7.apply(ExpectedConditions.java:202)
	at org.openqa.selenium.support.ui.FluentWait.until(FluentWait.java:248)
	... 23 more
"</b><br>org.openqa.selenium.support.ui.WebDriverWait.timeoutException(WebDriverWait.java:81)<br>org.openqa.selenium.support.ui.FluentWait.until(FluentWait.java:271)<br>CommonPage.commonFunction.waitVisible(commonFunction.java:307)<br>com.payzing.actions.HomePage.clickPhuongThuc_ZingCard(HomePage.java:122)<br>com.payzing.testcase.HomePageScript_JXM.testcase_06_ZingCard_Verify_display_message_when_input_card_invalid(HomePageScript_JXM.java:249)<br>sun.reflect.NativeMethodAccessorImpl.invoke0(Native Method)<br>sun.reflect.NativeMethodAccessorImpl.invoke(NativeMethodAccessorImpl.java:62)<br>sun.reflect.DelegatingMethodAccessorImpl.invoke(DelegatingMethodAccessorImpl.java:43)<br>java.lang.reflect.Method.invoke(Method.java:498)<br>org.testng.internal.MethodInvocationHelper.invokeMethod(MethodInvocationHelper.java:80)<br>org.testng.internal.Invoker.invokeMethod(Invoker.java:714)<br>org.testng.internal.Invoker.invokeTestMethod(Invoker.java:901)<br>org.testng.internal.Invoker.invokeTestMethods(Invoker.java:1231)<br>org.testng.internal.TestMethodWorker.invokeTestMethods(TestMethodWorker.java:127)<br>org.testng.internal.TestMethodWorker.run(TestMethodWorker.java:111)<br>org.testng.TestRunner.privateRun(TestRunner.java:767)<br>org.testng.TestRunner.run(TestRunner.java:617)<br>org.testng.SuiteRunner.runTest(SuiteRunner.java:334)<br>org.testng.SuiteRunner.access$000(SuiteRunner.java:37)<br>org.testng.SuiteRunner$SuiteWorker.run(SuiteRunner.java:368)<br>org.testng.internal.thread.ThreadUtil$2.call(ThreadUtil.java:64)<br>java.util.concurrent.FutureTask.run(FutureTask.java:266)<br>java.util.concurrent.ThreadPoolExecutor.runWorker(ThreadPoolExecutor.java:1149)<br>java.util.concurrent.ThreadPoolExecutor$Worker.run(ThreadPoolExecutor.java:624)<br>java.lang.Thread.run(Thread.java:748)<br>
</div> <!-- stack-trace -->
                </div> <!-- method-content -->
              </div> <!-- method -->
              <div class="method">
                <div class="method-content">
                  <a name="testcase_07_ZingCard_Verify_display_message_when_input_card_had_used">
                  </a> <!-- testcase_07_ZingCard_Verify_display_message_when_input_card_had_used -->
                  <span class="method-name">testcase_07_ZingCard_Verify_display_message_when_input_card_had_used</span>
                  <div class="stack-trace"><b>"java.lang.AssertionError: expected [Thẻ đã được sử dụng, vui lòng không dùng lại nhiều lần!] but found [Thẻ đã được sử dụng, giao dịch thất bại!]
	at CommonPage.CommonTestcase.verifyEqual(CommonTestcase.java:66)
	at com.payzing.testcase.HomePageScript_JXM.testcase_07_ZingCard_Verify_display_message_when_input_card_had_used(HomePageScript_JXM.java:284)
	at java.util.concurrent.FutureTask.run(FutureTask.java:266)
	at java.util.concurrent.ThreadPoolExecutor.runWorker(ThreadPoolExecutor.java:1149)
	at java.util.concurrent.ThreadPoolExecutor$Worker.run(ThreadPoolExecutor.java:624)
	at java.lang.Thread.run(Thread.java:748)
... Removed 21 stack frames<br/> java.lang.AssertionError: expected [Thẻ đã được sử dụng, vui lòng không dùng lại nhiều lần!] but found [Thẻ đã được sử dụng, giao dịch thất bại!]
	at org.testng.Assert.fail(Assert.java:94)
	at org.testng.Assert.failNotEquals(Assert.java:494)
	at org.testng.Assert.assertEquals(Assert.java:123)
	at org.testng.Assert.assertEquals(Assert.java:176)
	at org.testng.Assert.assertEquals(Assert.java:186)
	at CommonPage.CommonTestcase.verifyEqual(CommonTestcase.java:66)
	at com.payzing.testcase.HomePageScript_JXM.testcase_07_ZingCard_Verify_display_message_when_input_card_had_used(HomePageScript_JXM.java:284)
	at sun.reflect.NativeMethodAccessorImpl.invoke0(Native Method)
	at sun.reflect.NativeMethodAccessorImpl.invoke(NativeMethodAccessorImpl.java:62)
	at sun.reflect.DelegatingMethodAccessorImpl.invoke(DelegatingMethodAccessorImpl.java:43)
	at java.lang.reflect.Method.invoke(Method.java:498)
	at org.testng.internal.MethodInvocationHelper.invokeMethod(MethodInvocationHelper.java:80)
	at org.testng.internal.Invoker.invokeMethod(Invoker.java:714)
	at org.testng.internal.Invoker.invokeTestMethod(Invoker.java:901)
	at org.testng.internal.Invoker.invokeTestMethods(Invoker.java:1231)
	at org.testng.internal.TestMethodWorker.invokeTestMethods(TestMethodWorker.java:127)
	at org.testng.internal.TestMethodWorker.run(TestMethodWorker.java:111)
	at org.testng.TestRunner.privateRun(TestRunner.java:767)
	at org.testng.TestRunner.run(TestRunner.java:617)
	at org.testng.SuiteRunner.runTest(SuiteRunner.java:334)
	at org.testng.SuiteRunner.access$000(SuiteRunner.java:37)
	at org.testng.SuiteRunner$SuiteWorker.run(SuiteRunner.java:368)
	at org.testng.internal.thread.ThreadUtil$2.call(ThreadUtil.java:64)
	at java.util.concurrent.FutureTask.run(FutureTask.java:266)
	at java.util.concurrent.ThreadPoolExecutor.runWorker(ThreadPoolExecutor.java:1149)
	at java.util.concurrent.ThreadPoolExecutor$Worker.run(ThreadPoolExecutor.java:624)
	at java.lang.Thread.run(Thread.java:748)
"</b><br>org.testng.Assert.fail(Assert.java:94)<br>org.testng.Assert.failNotEquals(Assert.java:494)<br>org.testng.Assert.assertEquals(Assert.java:123)<br>org.testng.Assert.assertEquals(Assert.java:176)<br>org.testng.Assert.assertEquals(Assert.java:186)<br>CommonPage.CommonTestcase.verifyEqual(CommonTestcase.java:66)<br>com.payzing.testcase.HomePageScript_JXM.testcase_07_ZingCard_Verify_display_message_when_input_card_had_used(HomePageScript_JXM.java:284)<br>sun.reflect.NativeMethodAccessorImpl.invoke0(Native Method)<br>sun.reflect.NativeMethodAccessorImpl.invoke(NativeMethodAccessorImpl.java:62)<br>sun.reflect.DelegatingMethodAccessorImpl.invoke(DelegatingMethodAccessorImpl.java:43)<br>java.lang.reflect.Method.invoke(Method.java:498)<br>org.testng.internal.MethodInvocationHelper.invokeMethod(MethodInvocationHelper.java:80)<br>org.testng.internal.Invoker.invokeMethod(Invoker.java:714)<br>org.testng.internal.Invoker.invokeTestMethod(Invoker.java:901)<br>org.testng.internal.Invoker.invokeTestMethods(Invoker.java:1231)<br>org.testng.internal.TestMethodWorker.invokeTestMethods(TestMethodWorker.java:127)<br>org.testng.internal.TestMethodWorker.run(TestMethodWorker.java:111)<br>org.testng.TestRunner.privateRun(TestRunner.java:767)<br>org.testng.TestRunner.run(TestRunner.java:617)<br>org.testng.SuiteRunner.runTest(SuiteRunner.java:334)<br>org.testng.SuiteRunner.access$000(SuiteRunner.java:37)<br>org.testng.SuiteRunner$SuiteWorker.run(SuiteRunner.java:368)<br>org.testng.internal.thread.ThreadUtil$2.call(ThreadUtil.java:64)<br>java.util.concurrent.FutureTask.run(FutureTask.java:266)<br>java.util.concurrent.ThreadPoolExecutor.runWorker(ThreadPoolExecutor.java:1149)<br>java.util.concurrent.ThreadPoolExecutor$Worker.run(ThreadPoolExecutor.java:624)<br>java.lang.Thread.run(Thread.java:748)<br>
</div> <!-- stack-trace -->
                </div> <!-- method-content -->
              </div> <!-- method -->
              <div class="method">
                <div class="method-content">
                  <a name="testcase_10_ATM_Transfer_Napas">
                  </a> <!-- testcase_10_ATM_Transfer_Napas -->
                  <span class="method-name">testcase_10_ATM_Transfer_Napas</span>
                  <div class="stack-trace"><b>"org.openqa.selenium.ElementClickInterceptedException: element click intercepted: Element &lt;span data-bind=&quot;text: gtCore.mess.ContinutePayment&quot;&gt;...&lt;/span&gt; is not clickable at point (767, 269). Other element would receive the click: &lt;div id=&quot;preloader-background&quot;&gt;...&lt;/div&gt;
  (Session info: chrome=75.0.3770.100)
Build info: version: &apos;3.11.0&apos;, revision: &apos;e59cfb3&apos;, time: &apos;2018-03-11T20:26:55.152Z&apos;
System info: host: &apos;NHUTBM&apos;, ip: &apos;192.168.56.1&apos;, os.name: &apos;Windows 10&apos;, os.arch: &apos;amd64&apos;, os.version: &apos;10.0&apos;, java.version: &apos;1.8.0_181&apos;
Driver info: org.openqa.selenium.chrome.ChromeDriver
Capabilities {acceptInsecureCerts: false, browserName: chrome, browserVersion: 75.0.3770.100, chrome: {chromedriverVersion: 75.0.3770.90 (a6dcaf7e3ec6f..., userDataDir: C:\Users\LAP121~1\AppData\L...}, goog:chromeOptions: {debuggerAddress: localhost:56615}, javascriptEnabled: true, networkConnectionEnabled: false, pageLoadStrategy: normal, platform: XP, platformName: XP, proxy: Proxy(), setWindowRect: true, strictFileInteractability: false, timeouts: {implicit: 0, pageLoad: 300000, script: 30000}, unhandledPromptBehavior: dismiss and notify}
Session ID: 61b7a5dc6f5ed7d08756dc476165386b
	at org.openqa.selenium.remote.http.W3CHttpResponseCodec.createException(W3CHttpResponseCodec.java:187)
	at org.openqa.selenium.remote.http.W3CHttpResponseCodec.decode(W3CHttpResponseCodec.java:122)
	at org.openqa.selenium.remote.http.W3CHttpResponseCodec.decode(W3CHttpResponseCodec.java:49)
	at org.openqa.selenium.remote.HttpCommandExecutor.execute(HttpCommandExecutor.java:158)
	at org.openqa.selenium.remote.service.DriverCommandExecutor.execute(DriverCommandExecutor.java:83)
	at org.openqa.selenium.remote.RemoteWebDriver.execute(RemoteWebDriver.java:545)
	at org.openqa.selenium.remote.RemoteWebElement.execute(RemoteWebElement.java:279)
	at org.openqa.selenium.remote.RemoteWebElement.click(RemoteWebElement.java:83)
	at CommonPage.commonFunction.click(commonFunction.java:49)
	at com.payzing.actions.HomePage.clickTiepTucThanhToan(HomePage.java:111)
	at com.payzing.testcase.HomePageScript_JXM.testcase_10_ATM_Transfer_Napas(HomePageScript_JXM.java:394)
	at java.util.concurrent.FutureTask.run(FutureTask.java:266)
	at java.util.concurrent.ThreadPoolExecutor.runWorker(ThreadPoolExecutor.java:1149)
	at java.util.concurrent.ThreadPoolExecutor$Worker.run(ThreadPoolExecutor.java:624)
	at java.lang.Thread.run(Thread.java:748)
... Removed 20 stack frames<br/> org.openqa.selenium.ElementClickInterceptedException: element click intercepted: Element &lt;span data-bind=&quot;text: gtCore.mess.ContinutePayment&quot;&gt;...&lt;/span&gt; is not clickable at point (767, 269). Other element would receive the click: &lt;div id=&quot;preloader-background&quot;&gt;...&lt;/div&gt;
  (Session info: chrome=75.0.3770.100)
Build info: version: &apos;3.11.0&apos;, revision: &apos;e59cfb3&apos;, time: &apos;2018-03-11T20:26:55.152Z&apos;
System info: host: &apos;NHUTBM&apos;, ip: &apos;192.168.56.1&apos;, os.name: &apos;Windows 10&apos;, os.arch: &apos;amd64&apos;, os.version: &apos;10.0&apos;, java.version: &apos;1.8.0_181&apos;
Driver info: org.openqa.selenium.chrome.ChromeDriver
Capabilities {acceptInsecureCerts: false, browserName: chrome, browserVersion: 75.0.3770.100, chrome: {chromedriverVersion: 75.0.3770.90 (a6dcaf7e3ec6f..., userDataDir: C:\Users\LAP121~1\AppData\L...}, goog:chromeOptions: {debuggerAddress: localhost:56615}, javascriptEnabled: true, networkConnectionEnabled: false, pageLoadStrategy: normal, platform: XP, platformName: XP, proxy: Proxy(), setWindowRect: true, strictFileInteractability: false, timeouts: {implicit: 0, pageLoad: 300000, script: 30000}, unhandledPromptBehavior: dismiss and notify}
Session ID: 61b7a5dc6f5ed7d08756dc476165386b
	at sun.reflect.NativeConstructorAccessorImpl.newInstance0(Native Method)
	at sun.reflect.NativeConstructorAccessorImpl.newInstance(NativeConstructorAccessorImpl.java:62)
	at sun.reflect.DelegatingConstructorAccessorImpl.newInstance(DelegatingConstructorAccessorImpl.java:45)
	at java.lang.reflect.Constructor.newInstance(Constructor.java:423)
	at org.openqa.selenium.remote.http.W3CHttpResponseCodec.createException(W3CHttpResponseCodec.java:187)
	at org.openqa.selenium.remote.http.W3CHttpResponseCodec.decode(W3CHttpResponseCodec.java:122)
	at org.openqa.selenium.remote.http.W3CHttpResponseCodec.decode(W3CHttpResponseCodec.java:49)
	at org.openqa.selenium.remote.HttpCommandExecutor.execute(HttpCommandExecutor.java:158)
	at org.openqa.selenium.remote.service.DriverCommandExecutor.execute(DriverCommandExecutor.java:83)
	at org.openqa.selenium.remote.RemoteWebDriver.execute(RemoteWebDriver.java:545)
	at org.openqa.selenium.remote.RemoteWebElement.execute(RemoteWebElement.java:279)
	at org.openqa.selenium.remote.RemoteWebElement.click(RemoteWebElement.java:83)
	at CommonPage.commonFunction.click(commonFunction.java:49)
	at com.payzing.actions.HomePage.clickTiepTucThanhToan(HomePage.java:111)
	at com.payzing.testcase.HomePageScript_JXM.testcase_10_ATM_Transfer_Napas(HomePageScript_JXM.java:394)
	at sun.reflect.NativeMethodAccessorImpl.invoke0(Native Method)
	at sun.reflect.NativeMethodAccessorImpl.invoke(NativeMethodAccessorImpl.java:62)
	at sun.reflect.DelegatingMethodAccessorImpl.invoke(DelegatingMethodAccessorImpl.java:43)
	at java.lang.reflect.Method.invoke(Method.java:498)
	at org.testng.internal.MethodInvocationHelper.invokeMethod(MethodInvocationHelper.java:80)
	at org.testng.internal.Invoker.invokeMethod(Invoker.java:714)
	at org.testng.internal.Invoker.invokeTestMethod(Invoker.java:901)
	at org.testng.internal.Invoker.invokeTestMethods(Invoker.java:1231)
	at org.testng.internal.TestMethodWorker.invokeTestMethods(TestMethodWorker.java:127)
	at org.testng.internal.TestMethodWorker.run(TestMethodWorker.java:111)
	at org.testng.TestRunner.privateRun(TestRunner.java:767)
	at org.testng.TestRunner.run(TestRunner.java:617)
	at org.testng.SuiteRunner.runTest(SuiteRunner.java:334)
	at org.testng.SuiteRunner.access$000(SuiteRunner.java:37)
	at org.testng.SuiteRunner$SuiteWorker.run(SuiteRunner.java:368)
	at org.testng.internal.thread.ThreadUtil$2.call(ThreadUtil.java:64)
	at java.util.concurrent.FutureTask.run(FutureTask.java:266)
	at java.util.concurrent.ThreadPoolExecutor.runWorker(ThreadPoolExecutor.java:1149)
	at java.util.concurrent.ThreadPoolExecutor$Worker.run(ThreadPoolExecutor.java:624)
	at java.lang.Thread.run(Thread.java:748)
"</b><br>sun.reflect.NativeConstructorAccessorImpl.newInstance0(Native Method)<br>sun.reflect.NativeConstructorAccessorImpl.newInstance(NativeConstructorAccessorImpl.java:62)<br>sun.reflect.DelegatingConstructorAccessorImpl.newInstance(DelegatingConstructorAccessorImpl.java:45)<br>java.lang.reflect.Constructor.newInstance(Constructor.java:423)<br>org.openqa.selenium.remote.http.W3CHttpResponseCodec.createException(W3CHttpResponseCodec.java:187)<br>org.openqa.selenium.remote.http.W3CHttpResponseCodec.decode(W3CHttpResponseCodec.java:122)<br>org.openqa.selenium.remote.http.W3CHttpResponseCodec.decode(W3CHttpResponseCodec.java:49)<br>org.openqa.selenium.remote.HttpCommandExecutor.execute(HttpCommandExecutor.java:158)<br>org.openqa.selenium.remote.service.DriverCommandExecutor.execute(DriverCommandExecutor.java:83)<br>org.openqa.selenium.remote.RemoteWebDriver.execute(RemoteWebDriver.java:545)<br>org.openqa.selenium.remote.RemoteWebElement.execute(RemoteWebElement.java:279)<br>org.openqa.selenium.remote.RemoteWebElement.click(RemoteWebElement.java:83)<br>CommonPage.commonFunction.click(commonFunction.java:49)<br>com.payzing.actions.HomePage.clickTiepTucThanhToan(HomePage.java:111)<br>com.payzing.testcase.HomePageScript_JXM.testcase_10_ATM_Transfer_Napas(HomePageScript_JXM.java:394)<br>sun.reflect.NativeMethodAccessorImpl.invoke0(Native Method)<br>sun.reflect.NativeMethodAccessorImpl.invoke(NativeMethodAccessorImpl.java:62)<br>sun.reflect.DelegatingMethodAccessorImpl.invoke(DelegatingMethodAccessorImpl.java:43)<br>java.lang.reflect.Method.invoke(Method.java:498)<br>org.testng.internal.MethodInvocationHelper.invokeMethod(MethodInvocationHelper.java:80)<br>org.testng.internal.Invoker.invokeMethod(Invoker.java:714)<br>org.testng.internal.Invoker.invokeTestMethod(Invoker.java:901)<br>org.testng.internal.Invoker.invokeTestMethods(Invoker.java:1231)<br>org.testng.internal.TestMethodWorker.invokeTestMethods(TestMethodWorker.java:127)<br>org.testng.internal.TestMethodWorker.run(TestMethodWorker.java:111)<br>org.testng.TestRunner.privateRun(TestRunner.java:767)<br>org.testng.TestRunner.run(TestRunner.java:617)<br>org.testng.SuiteRunner.runTest(SuiteRunner.java:334)<br>org.testng.SuiteRunner.access$000(SuiteRunner.java:37)<br>org.testng.SuiteRunner$SuiteWorker.run(SuiteRunner.java:368)<br>org.testng.internal.thread.ThreadUtil$2.call(ThreadUtil.java:64)<br>java.util.concurrent.FutureTask.run(FutureTask.java:266)<br>java.util.concurrent.ThreadPoolExecutor.runWorker(ThreadPoolExecutor.java:1149)<br>java.util.concurrent.ThreadPoolExecutor$Worker.run(ThreadPoolExecutor.java:624)<br>java.lang.Thread.run(Thread.java:748)<br>
</div> <!-- stack-trace -->
                </div> <!-- method-content -->
              </div> <!-- method -->
              <div class="method">
                <div class="method-content">
                  <a name="testcase_11_ATM_Transfer_BANK_WEB">
                  </a> <!-- testcase_11_ATM_Transfer_BANK_WEB -->
                  <span class="method-name">testcase_11_ATM_Transfer_BANK_WEB</span>
                  <div class="stack-trace"><b>"org.openqa.selenium.ElementClickInterceptedException: element click intercepted: Element &lt;span data-bind=&quot;text: gtCore.mess.ContinutePayment&quot;&gt;...&lt;/span&gt; is not clickable at point (767, 234). Other element would receive the click: &lt;div id=&quot;preloader-background&quot;&gt;...&lt;/div&gt;
  (Session info: chrome=75.0.3770.100)
Build info: version: &apos;3.11.0&apos;, revision: &apos;e59cfb3&apos;, time: &apos;2018-03-11T20:26:55.152Z&apos;
System info: host: &apos;NHUTBM&apos;, ip: &apos;192.168.56.1&apos;, os.name: &apos;Windows 10&apos;, os.arch: &apos;amd64&apos;, os.version: &apos;10.0&apos;, java.version: &apos;1.8.0_181&apos;
Driver info: org.openqa.selenium.chrome.ChromeDriver
Capabilities {acceptInsecureCerts: false, browserName: chrome, browserVersion: 75.0.3770.100, chrome: {chromedriverVersion: 75.0.3770.90 (a6dcaf7e3ec6f..., userDataDir: C:\Users\LAP121~1\AppData\L...}, goog:chromeOptions: {debuggerAddress: localhost:56615}, javascriptEnabled: true, networkConnectionEnabled: false, pageLoadStrategy: normal, platform: XP, platformName: XP, proxy: Proxy(), setWindowRect: true, strictFileInteractability: false, timeouts: {implicit: 0, pageLoad: 300000, script: 30000}, unhandledPromptBehavior: dismiss and notify}
Session ID: 61b7a5dc6f5ed7d08756dc476165386b
	at org.openqa.selenium.remote.http.W3CHttpResponseCodec.createException(W3CHttpResponseCodec.java:187)
	at org.openqa.selenium.remote.http.W3CHttpResponseCodec.decode(W3CHttpResponseCodec.java:122)
	at org.openqa.selenium.remote.http.W3CHttpResponseCodec.decode(W3CHttpResponseCodec.java:49)
	at org.openqa.selenium.remote.HttpCommandExecutor.execute(HttpCommandExecutor.java:158)
	at org.openqa.selenium.remote.service.DriverCommandExecutor.execute(DriverCommandExecutor.java:83)
	at org.openqa.selenium.remote.RemoteWebDriver.execute(RemoteWebDriver.java:545)
	at org.openqa.selenium.remote.RemoteWebElement.execute(RemoteWebElement.java:279)
	at org.openqa.selenium.remote.RemoteWebElement.click(RemoteWebElement.java:83)
	at CommonPage.commonFunction.click(commonFunction.java:49)
	at com.payzing.actions.HomePage.clickTiepTucThanhToan(HomePage.java:111)
	at com.payzing.testcase.HomePageScript_JXM.testcase_11_ATM_Transfer_BANK_WEB(HomePageScript_JXM.java:426)
	at java.util.concurrent.FutureTask.run(FutureTask.java:266)
	at java.util.concurrent.ThreadPoolExecutor.runWorker(ThreadPoolExecutor.java:1149)
	at java.util.concurrent.ThreadPoolExecutor$Worker.run(ThreadPoolExecutor.java:624)
	at java.lang.Thread.run(Thread.java:748)
... Removed 20 stack frames<br/> org.openqa.selenium.ElementClickInterceptedException: element click intercepted: Element &lt;span data-bind=&quot;text: gtCore.mess.ContinutePayment&quot;&gt;...&lt;/span&gt; is not clickable at point (767, 234). Other element would receive the click: &lt;div id=&quot;preloader-background&quot;&gt;...&lt;/div&gt;
  (Session info: chrome=75.0.3770.100)
Build info: version: &apos;3.11.0&apos;, revision: &apos;e59cfb3&apos;, time: &apos;2018-03-11T20:26:55.152Z&apos;
System info: host: &apos;NHUTBM&apos;, ip: &apos;192.168.56.1&apos;, os.name: &apos;Windows 10&apos;, os.arch: &apos;amd64&apos;, os.version: &apos;10.0&apos;, java.version: &apos;1.8.0_181&apos;
Driver info: org.openqa.selenium.chrome.ChromeDriver
Capabilities {acceptInsecureCerts: false, browserName: chrome, browserVersion: 75.0.3770.100, chrome: {chromedriverVersion: 75.0.3770.90 (a6dcaf7e3ec6f..., userDataDir: C:\Users\LAP121~1\AppData\L...}, goog:chromeOptions: {debuggerAddress: localhost:56615}, javascriptEnabled: true, networkConnectionEnabled: false, pageLoadStrategy: normal, platform: XP, platformName: XP, proxy: Proxy(), setWindowRect: true, strictFileInteractability: false, timeouts: {implicit: 0, pageLoad: 300000, script: 30000}, unhandledPromptBehavior: dismiss and notify}
Session ID: 61b7a5dc6f5ed7d08756dc476165386b
	at sun.reflect.NativeConstructorAccessorImpl.newInstance0(Native Method)
	at sun.reflect.NativeConstructorAccessorImpl.newInstance(NativeConstructorAccessorImpl.java:62)
	at sun.reflect.DelegatingConstructorAccessorImpl.newInstance(DelegatingConstructorAccessorImpl.java:45)
	at java.lang.reflect.Constructor.newInstance(Constructor.java:423)
	at org.openqa.selenium.remote.http.W3CHttpResponseCodec.createException(W3CHttpResponseCodec.java:187)
	at org.openqa.selenium.remote.http.W3CHttpResponseCodec.decode(W3CHttpResponseCodec.java:122)
	at org.openqa.selenium.remote.http.W3CHttpResponseCodec.decode(W3CHttpResponseCodec.java:49)
	at org.openqa.selenium.remote.HttpCommandExecutor.execute(HttpCommandExecutor.java:158)
	at org.openqa.selenium.remote.service.DriverCommandExecutor.execute(DriverCommandExecutor.java:83)
	at org.openqa.selenium.remote.RemoteWebDriver.execute(RemoteWebDriver.java:545)
	at org.openqa.selenium.remote.RemoteWebElement.execute(RemoteWebElement.java:279)
	at org.openqa.selenium.remote.RemoteWebElement.click(RemoteWebElement.java:83)
	at CommonPage.commonFunction.click(commonFunction.java:49)
	at com.payzing.actions.HomePage.clickTiepTucThanhToan(HomePage.java:111)
	at com.payzing.testcase.HomePageScript_JXM.testcase_11_ATM_Transfer_BANK_WEB(HomePageScript_JXM.java:426)
	at sun.reflect.NativeMethodAccessorImpl.invoke0(Native Method)
	at sun.reflect.NativeMethodAccessorImpl.invoke(NativeMethodAccessorImpl.java:62)
	at sun.reflect.DelegatingMethodAccessorImpl.invoke(DelegatingMethodAccessorImpl.java:43)
	at java.lang.reflect.Method.invoke(Method.java:498)
	at org.testng.internal.MethodInvocationHelper.invokeMethod(MethodInvocationHelper.java:80)
	at org.testng.internal.Invoker.invokeMethod(Invoker.java:714)
	at org.testng.internal.Invoker.invokeTestMethod(Invoker.java:901)
	at org.testng.internal.Invoker.invokeTestMethods(Invoker.java:1231)
	at org.testng.internal.TestMethodWorker.invokeTestMethods(TestMethodWorker.java:127)
	at org.testng.internal.TestMethodWorker.run(TestMethodWorker.java:111)
	at org.testng.TestRunner.privateRun(TestRunner.java:767)
	at org.testng.TestRunner.run(TestRunner.java:617)
	at org.testng.SuiteRunner.runTest(SuiteRunner.java:334)
	at org.testng.SuiteRunner.access$000(SuiteRunner.java:37)
	at org.testng.SuiteRunner$SuiteWorker.run(SuiteRunner.java:368)
	at org.testng.internal.thread.ThreadUtil$2.call(ThreadUtil.java:64)
	at java.util.concurrent.FutureTask.run(FutureTask.java:266)
	at java.util.concurrent.ThreadPoolExecutor.runWorker(ThreadPoolExecutor.java:1149)
	at java.util.concurrent.ThreadPoolExecutor$Worker.run(ThreadPoolExecutor.java:624)
	at java.lang.Thread.run(Thread.java:748)
"</b><br>sun.reflect.NativeConstructorAccessorImpl.newInstance0(Native Method)<br>sun.reflect.NativeConstructorAccessorImpl.newInstance(NativeConstructorAccessorImpl.java:62)<br>sun.reflect.DelegatingConstructorAccessorImpl.newInstance(DelegatingConstructorAccessorImpl.java:45)<br>java.lang.reflect.Constructor.newInstance(Constructor.java:423)<br>org.openqa.selenium.remote.http.W3CHttpResponseCodec.createException(W3CHttpResponseCodec.java:187)<br>org.openqa.selenium.remote.http.W3CHttpResponseCodec.decode(W3CHttpResponseCodec.java:122)<br>org.openqa.selenium.remote.http.W3CHttpResponseCodec.decode(W3CHttpResponseCodec.java:49)<br>org.openqa.selenium.remote.HttpCommandExecutor.execute(HttpCommandExecutor.java:158)<br>org.openqa.selenium.remote.service.DriverCommandExecutor.execute(DriverCommandExecutor.java:83)<br>org.openqa.selenium.remote.RemoteWebDriver.execute(RemoteWebDriver.java:545)<br>org.openqa.selenium.remote.RemoteWebElement.execute(RemoteWebElement.java:279)<br>org.openqa.selenium.remote.RemoteWebElement.click(RemoteWebElement.java:83)<br>CommonPage.commonFunction.click(commonFunction.java:49)<br>com.payzing.actions.HomePage.clickTiepTucThanhToan(HomePage.java:111)<br>com.payzing.testcase.HomePageScript_JXM.testcase_11_ATM_Transfer_BANK_WEB(HomePageScript_JXM.java:426)<br>sun.reflect.NativeMethodAccessorImpl.invoke0(Native Method)<br>sun.reflect.NativeMethodAccessorImpl.invoke(NativeMethodAccessorImpl.java:62)<br>sun.reflect.DelegatingMethodAccessorImpl.invoke(DelegatingMethodAccessorImpl.java:43)<br>java.lang.reflect.Method.invoke(Method.java:498)<br>org.testng.internal.MethodInvocationHelper.invokeMethod(MethodInvocationHelper.java:80)<br>org.testng.internal.Invoker.invokeMethod(Invoker.java:714)<br>org.testng.internal.Invoker.invokeTestMethod(Invoker.java:901)<br>org.testng.internal.Invoker.invokeTestMethods(Invoker.java:1231)<br>org.testng.internal.TestMethodWorker.invokeTestMethods(TestMethodWorker.java:127)<br>org.testng.internal.TestMethodWorker.run(TestMethodWorker.java:111)<br>org.testng.TestRunner.privateRun(TestRunner.java:767)<br>org.testng.TestRunner.run(TestRunner.java:617)<br>org.testng.SuiteRunner.runTest(SuiteRunner.java:334)<br>org.testng.SuiteRunner.access$000(SuiteRunner.java:37)<br>org.testng.SuiteRunner$SuiteWorker.run(SuiteRunner.java:368)<br>org.testng.internal.thread.ThreadUtil$2.call(ThreadUtil.java:64)<br>java.util.concurrent.FutureTask.run(FutureTask.java:266)<br>java.util.concurrent.ThreadPoolExecutor.runWorker(ThreadPoolExecutor.java:1149)<br>java.util.concurrent.ThreadPoolExecutor$Worker.run(ThreadPoolExecutor.java:624)<br>java.lang.Thread.run(Thread.java:748)<br>
</div> <!-- stack-trace -->
                </div> <!-- method-content -->
              </div> <!-- method -->
            </div> <!-- main-panel-content rounded-window-bottom -->
          </div> <!-- suite-Suite-class-failed -->
          <div class="suite-Suite-class-skipped">
            <div class="main-panel-header rounded-window-top">
              <img src="skipped.png"/>
              <span class="class-name">com.payzing.testcase.HomePageScript_CDKM</span>
            </div> <!-- main-panel-header rounded-window-top -->
            <div class="main-panel-content rounded-window-bottom">
              <div class="method">
                <div class="method-content">
                  <a name="testcase_01_ZaloPay_Verify_display_QR_code">
                  </a> <!-- testcase_01_ZaloPay_Verify_display_QR_code -->
                  <span class="method-name">testcase_01_ZaloPay_Verify_display_QR_code</span>
                </div> <!-- method-content -->
              </div> <!-- method -->
              <div class="method">
                <div class="method-content">
                  <a name="testcase_02_ZingCard_Verify_display_form_input_information_card">
                  </a> <!-- testcase_02_ZingCard_Verify_display_form_input_information_card -->
                  <span class="method-name">testcase_02_ZingCard_Verify_display_form_input_information_card</span>
                </div> <!-- method-content -->
              </div> <!-- method -->
              <div class="method">
                <div class="method-content">
                  <a name="testcase_03_ZingCard_Verify_display_message_when_dont_input_Seri_and_Pin_card">
                  </a> <!-- testcase_03_ZingCard_Verify_display_message_when_dont_input_Seri_and_Pin_card -->
                  <span class="method-name">testcase_03_ZingCard_Verify_display_message_when_dont_input_Seri_and_Pin_card</span>
                </div> <!-- method-content -->
              </div> <!-- method -->
              <div class="method">
                <div class="method-content">
                  <a name="testcase_04_ZingCard_Verify_display_message_when_only_input_Seri">
                  </a> <!-- testcase_04_ZingCard_Verify_display_message_when_only_input_Seri -->
                  <span class="method-name">testcase_04_ZingCard_Verify_display_message_when_only_input_Seri</span>
                </div> <!-- method-content -->
              </div> <!-- method -->
              <div class="method">
                <div class="method-content">
                  <a name="testcase_05_ZingCard_Verify_display_message_when_only_input_Pin">
                  </a> <!-- testcase_05_ZingCard_Verify_display_message_when_only_input_Pin -->
                  <span class="method-name">testcase_05_ZingCard_Verify_display_message_when_only_input_Pin</span>
                </div> <!-- method-content -->
              </div> <!-- method -->
              <div class="method">
                <div class="method-content">
                  <a name="testcase_06_ZingCard_Verify_display_message_when_input_card_invalid">
                  </a> <!-- testcase_06_ZingCard_Verify_display_message_when_input_card_invalid -->
                  <span class="method-name">testcase_06_ZingCard_Verify_display_message_when_input_card_invalid</span>
                </div> <!-- method-content -->
              </div> <!-- method -->
              <div class="method">
                <div class="method-content">
                  <a name="testcase_07_ZingCard_Verify_display_message_when_input_card_had_used">
                  </a> <!-- testcase_07_ZingCard_Verify_display_message_when_input_card_had_used -->
                  <span class="method-name">testcase_07_ZingCard_Verify_display_message_when_input_card_had_used</span>
                </div> <!-- method-content -->
              </div> <!-- method -->
              <div class="method">
                <div class="method-content">
                  <a name="testcase_08_ATM_Transfer_Napas">
                  </a> <!-- testcase_08_ATM_Transfer_Napas -->
                  <span class="method-name">testcase_08_ATM_Transfer_Napas</span>
                </div> <!-- method-content -->
              </div> <!-- method -->
              <div class="method">
                <div class="method-content">
                  <a name="testcase_09_ATM_Transfer_Napas_Verify_display_message_when_dont_input_information_card">
                  </a> <!-- testcase_09_ATM_Transfer_Napas_Verify_display_message_when_dont_input_information_card -->
                  <span class="method-name">testcase_09_ATM_Transfer_Napas_Verify_display_message_when_dont_input_information_card</span>
                </div> <!-- method-content -->
              </div> <!-- method -->
              <div class="method">
                <div class="method-content">
                  <a name="testcase_10_ATM_Transfer_Napas">
                  </a> <!-- testcase_10_ATM_Transfer_Napas -->
                  <span class="method-name">testcase_10_ATM_Transfer_Napas</span>
                </div> <!-- method-content -->
              </div> <!-- method -->
              <div class="method">
                <div class="method-content">
                  <a name="testcase_11_ATM_Transfer_BANK_WEB">
                  </a> <!-- testcase_11_ATM_Transfer_BANK_WEB -->
                  <span class="method-name">testcase_11_ATM_Transfer_BANK_WEB</span>
                </div> <!-- method-content -->
              </div> <!-- method -->
              <div class="method">
                <div class="method-content">
                  <a name="testcase_12_ATM_Transfer_ZaloPay_Verify_display_form_input_infor_card">
                  </a> <!-- testcase_12_ATM_Transfer_ZaloPay_Verify_display_form_input_infor_card -->
                  <span class="method-name">testcase_12_ATM_Transfer_ZaloPay_Verify_display_form_input_infor_card</span>
                </div> <!-- method-content -->
              </div> <!-- method -->
              <div class="method">
                <div class="method-content">
                  <a name="testcase_13_ATM_Transfer_ZaloPay_Verify_display_transactionID">
                  </a> <!-- testcase_13_ATM_Transfer_ZaloPay_Verify_display_transactionID -->
                  <span class="method-name">testcase_13_ATM_Transfer_ZaloPay_Verify_display_transactionID</span>
                </div> <!-- method-content -->
              </div> <!-- method -->
              <div class="method">
                <div class="method-content">
                  <a name="testcase_14_Credit_Card">
                  </a> <!-- testcase_14_Credit_Card -->
                  <span class="method-name">testcase_14_Credit_Card</span>
                </div> <!-- method-content -->
              </div> <!-- method -->
              <div class="method">
                <div class="method-content">
                  <a name="testcase_15_SMS">
                  </a> <!-- testcase_15_SMS -->
                  <span class="method-name">testcase_15_SMS</span>
                </div> <!-- method-content -->
              </div> <!-- method -->
            </div> <!-- main-panel-content rounded-window-bottom -->
          </div> <!-- suite-Suite-class-skipped -->
          <div class="suite-Suite-class-passed">
            <div class="main-panel-header rounded-window-top">
              <img src="passed.png"/>
              <span class="class-name">com.payzing.testcase.HomePageScript_JXM</span>
            </div> <!-- main-panel-header rounded-window-top -->
            <div class="main-panel-content rounded-window-bottom">
              <div class="method">
                <div class="method-content">
                  <a name="testcase_01_ZaloPay_Verify_display_QR_code">
                  </a> <!-- testcase_01_ZaloPay_Verify_display_QR_code -->
                  <span class="method-name">testcase_01_ZaloPay_Verify_display_QR_code</span>
                </div> <!-- method-content -->
              </div> <!-- method -->
              <div class="method">
                <div class="method-content">
                  <a name="testcase_02_ZingCard_Verify_display_form_input_information_card">
                  </a> <!-- testcase_02_ZingCard_Verify_display_form_input_information_card -->
                  <span class="method-name">testcase_02_ZingCard_Verify_display_form_input_information_card</span>
                </div> <!-- method-content -->
              </div> <!-- method -->
              <div class="method">
                <div class="method-content">
                  <a name="testcase_03_ZingCard_Verify_display_message_when_dont_input_Seri_and_Pin_card">
                  </a> <!-- testcase_03_ZingCard_Verify_display_message_when_dont_input_Seri_and_Pin_card -->
                  <span class="method-name">testcase_03_ZingCard_Verify_display_message_when_dont_input_Seri_and_Pin_card</span>
                </div> <!-- method-content -->
              </div> <!-- method -->
              <div class="method">
                <div class="method-content">
                  <a name="testcase_04_ZingCard_Verify_display_message_when_only_input_Seri">
                  </a> <!-- testcase_04_ZingCard_Verify_display_message_when_only_input_Seri -->
                  <span class="method-name">testcase_04_ZingCard_Verify_display_message_when_only_input_Seri</span>
                </div> <!-- method-content -->
              </div> <!-- method -->
              <div class="method">
                <div class="method-content">
                  <a name="testcase_08_ATM_Transfer_Napas">
                  </a> <!-- testcase_08_ATM_Transfer_Napas -->
                  <span class="method-name">testcase_08_ATM_Transfer_Napas</span>
                </div> <!-- method-content -->
              </div> <!-- method -->
              <div class="method">
                <div class="method-content">
                  <a name="testcase_09_ATM_Transfer_Napas_Verify_display_message_when_dont_input_information_card">
                  </a> <!-- testcase_09_ATM_Transfer_Napas_Verify_display_message_when_dont_input_information_card -->
                  <span class="method-name">testcase_09_ATM_Transfer_Napas_Verify_display_message_when_dont_input_information_card</span>
                </div> <!-- method-content -->
              </div> <!-- method -->
              <div class="method">
                <div class="method-content">
                  <a name="testcase_12_ATM_Transfer_ZaloPay_Verify_display_form_input_infor_card">
                  </a> <!-- testcase_12_ATM_Transfer_ZaloPay_Verify_display_form_input_infor_card -->
                  <span class="method-name">testcase_12_ATM_Transfer_ZaloPay_Verify_display_form_input_infor_card</span>
                </div> <!-- method-content -->
              </div> <!-- method -->
              <div class="method">
                <div class="method-content">
                  <a name="testcase_13_ATM_Transfer_ZaloPay_Verify_display_transactionID">
                  </a> <!-- testcase_13_ATM_Transfer_ZaloPay_Verify_display_transactionID -->
                  <span class="method-name">testcase_13_ATM_Transfer_ZaloPay_Verify_display_transactionID</span>
                </div> <!-- method-content -->
              </div> <!-- method -->
              <div class="method">
                <div class="method-content">
                  <a name="testcase_14_Credit_Card">
                  </a> <!-- testcase_14_Credit_Card -->
                  <span class="method-name">testcase_14_Credit_Card</span>
                </div> <!-- method-content -->
              </div> <!-- method -->
              <div class="method">
                <div class="method-content">
                  <a name="testcase_15_SMS">
                  </a> <!-- testcase_15_SMS -->
                  <span class="method-name">testcase_15_SMS</span>
                </div> <!-- method-content -->
              </div> <!-- method -->
            </div> <!-- main-panel-content rounded-window-bottom -->
          </div> <!-- suite-Suite-class-passed -->
        </div> <!-- panel Suite -->
        <div panel-name="test-xml-Suite" class="panel">
          <div class="main-panel-header rounded-window-top">
            <span class="header-content">C:\Users\LAP12160-local\eclipse-workspace\TestNG_POM_GT_WebPayment\src\test\java\runGT_WebPayment.xml</span>
          </div> <!-- main-panel-header rounded-window-top -->
          <div class="main-panel-content rounded-window-bottom">
            <pre>
&lt;?xml version=&quot;1.0&quot; encoding=&quot;UTF-8&quot;?&gt;
&lt;!DOCTYPE suite SYSTEM &quot;http://testng.org/testng-1.0.dtd&quot;&gt;
&lt;suite name=&quot;Suite&quot; parallel=&quot;tests&quot;&gt;
  &lt;test name=&quot;Payment JXM on Chrome&quot;&gt;
    &lt;parameter name=&quot;browser&quot; value=&quot;chrome&quot;/&gt;
    &lt;parameter name=&quot;version&quot; value=&quot;75.0.3770.90&quot;/&gt;
    &lt;parameter name=&quot;url&quot; value=&quot;https://pay.zing.vn&quot;/&gt;
    &lt;classes&gt;
      &lt;class name=&quot;com.payzing.testcase.HomePageScript_JXM&quot;/&gt;
    &lt;/classes&gt;
  &lt;/test&gt; &lt;!-- Payment JXM on Chrome --&gt;
  &lt;test name=&quot;Payment CDKM on Chrome&quot;&gt;
    &lt;parameter name=&quot;browser&quot; value=&quot;chrome&quot;/&gt;
    &lt;parameter name=&quot;version&quot; value=&quot;75.0.3770.90&quot;/&gt;
    &lt;parameter name=&quot;url&quot; value=&quot;https://pay.zing.vn&quot;/&gt;
    &lt;classes&gt;
      &lt;class name=&quot;com.payzing.testcase.HomePageScript_CDKM&quot;/&gt;
    &lt;/classes&gt;
  &lt;/test&gt; &lt;!-- Payment CDKM on Chrome --&gt;
&lt;/suite&gt; &lt;!-- Suite --&gt;
            </pre>
          </div> <!-- main-panel-content rounded-window-bottom -->
        </div> <!-- panel -->
        <div panel-name="testlist-Suite" class="panel">
          <div class="main-panel-header rounded-window-top">
            <span class="header-content">Tests for Suite</span>
          </div> <!-- main-panel-header rounded-window-top -->
          <div class="main-panel-content rounded-window-bottom">
            <ul>
              <li>
                <span class="test-name">Payment JXM on Chrome (1 class)</span>
              </li>
              <li>
                <span class="test-name">Payment CDKM on Chrome (1 class)</span>
              </li>
            </ul>
          </div> <!-- main-panel-content rounded-window-bottom -->
        </div> <!-- panel -->
        <div panel-name="group-Suite" class="panel">
          <div class="main-panel-header rounded-window-top">
            <span class="header-content">Groups for Suite</span>
          </div> <!-- main-panel-header rounded-window-top -->
          <div class="main-panel-content rounded-window-bottom">
          </div> <!-- main-panel-content rounded-window-bottom -->
        </div> <!-- panel -->
        <div panel-name="times-Suite" class="panel">
          <div class="main-panel-header rounded-window-top">
            <span class="header-content">Times for Suite</span>
          </div> <!-- main-panel-header rounded-window-top -->
          <div class="main-panel-content rounded-window-bottom">
            <div class="times-div">
              <script type="text/javascript">
suiteTableInitFunctions.push('tableData_Suite');
function tableData_Suite() {
var data = new google.visualization.DataTable();
data.addColumn('number', 'Number');
data.addColumn('string', 'Method');
data.addColumn('string', 'Class');
data.addColumn('number', 'Time (ms)');
data.addRows(30);
data.setCell(0, 0, 0)
data.setCell(0, 1, 'testcase_05_ZingCard_Verify_display_message_when_only_input_Pin')
data.setCell(0, 2, 'com.payzing.testcase.HomePageScript_JXM')
data.setCell(0, 3, 108319);
data.setCell(1, 0, 1)
data.setCell(1, 1, 'testcase_06_ZingCard_Verify_display_message_when_input_card_invalid')
data.setCell(1, 2, 'com.payzing.testcase.HomePageScript_JXM')
data.setCell(1, 3, 108210);
data.setCell(2, 0, 2)
data.setCell(2, 1, 'testcase_11_ATM_Transfer_BANK_WEB')
data.setCell(2, 2, 'com.payzing.testcase.HomePageScript_JXM')
data.setCell(2, 3, 42301);
data.setCell(3, 0, 3)
data.setCell(3, 1, 'testcase_13_ATM_Transfer_ZaloPay_Verify_display_transactionID')
data.setCell(3, 2, 'com.payzing.testcase.HomePageScript_JXM')
data.setCell(3, 3, 25662);
data.setCell(4, 0, 4)
data.setCell(4, 1, 'testcase_14_Credit_Card')
data.setCell(4, 2, 'com.payzing.testcase.HomePageScript_JXM')
data.setCell(4, 3, 24965);
data.setCell(5, 0, 5)
data.setCell(5, 1, 'testcase_10_ATM_Transfer_Napas')
data.setCell(5, 2, 'com.payzing.testcase.HomePageScript_JXM')
data.setCell(5, 3, 24544);
data.setCell(6, 0, 6)
data.setCell(6, 1, 'testcase_08_ATM_Transfer_Napas')
data.setCell(6, 2, 'com.payzing.testcase.HomePageScript_JXM')
data.setCell(6, 3, 7446);
data.setCell(7, 0, 7)
data.setCell(7, 1, 'testcase_09_ATM_Transfer_Napas_Verify_display_message_when_dont_input_information_card')
data.setCell(7, 2, 'com.payzing.testcase.HomePageScript_JXM')
data.setCell(7, 3, 6644);
data.setCell(8, 0, 8)
data.setCell(8, 1, 'testcase_12_ATM_Transfer_ZaloPay_Verify_display_form_input_infor_card')
data.setCell(8, 2, 'com.payzing.testcase.HomePageScript_JXM')
data.setCell(8, 3, 5293);
data.setCell(9, 0, 9)
data.setCell(9, 1, 'testcase_15_SMS')
data.setCell(9, 2, 'com.payzing.testcase.HomePageScript_JXM')
data.setCell(9, 3, 4780);
data.setCell(10, 0, 10)
data.setCell(10, 1, 'testcase_07_ZingCard_Verify_display_message_when_input_card_had_used')
data.setCell(10, 2, 'com.payzing.testcase.HomePageScript_JXM')
data.setCell(10, 3, 3979);
data.setCell(11, 0, 11)
data.setCell(11, 1, 'testcase_04_ZingCard_Verify_display_message_when_only_input_Seri')
data.setCell(11, 2, 'com.payzing.testcase.HomePageScript_JXM')
data.setCell(11, 3, 2437);
data.setCell(12, 0, 12)
data.setCell(12, 1, 'testcase_01_ZaloPay_Verify_display_QR_code')
data.setCell(12, 2, 'com.payzing.testcase.HomePageScript_JXM')
data.setCell(12, 3, 2376);
data.setCell(13, 0, 13)
data.setCell(13, 1, 'testcase_03_ZingCard_Verify_display_message_when_dont_input_Seri_and_Pin_card')
data.setCell(13, 2, 'com.payzing.testcase.HomePageScript_JXM')
data.setCell(13, 3, 1263);
data.setCell(14, 0, 14)
data.setCell(14, 1, 'testcase_02_ZingCard_Verify_display_form_input_information_card')
data.setCell(14, 2, 'com.payzing.testcase.HomePageScript_JXM')
data.setCell(14, 3, 1099);
data.setCell(15, 0, 15)
data.setCell(15, 1, 'testcase_10_ATM_Transfer_Napas')
data.setCell(15, 2, 'com.payzing.testcase.HomePageScript_CDKM')
data.setCell(15, 3, 1);
data.setCell(16, 0, 16)
data.setCell(16, 1, 'testcase_15_SMS')
data.setCell(16, 2, 'com.payzing.testcase.HomePageScript_CDKM')
data.setCell(16, 3, 1);
data.setCell(17, 0, 17)
data.setCell(17, 1, 'testcase_11_ATM_Transfer_BANK_WEB')
data.setCell(17, 2, 'com.payzing.testcase.HomePageScript_CDKM')
data.setCell(17, 3, 1);
data.setCell(18, 0, 18)
data.setCell(18, 1, 'testcase_04_ZingCard_Verify_display_message_when_only_input_Seri')
data.setCell(18, 2, 'com.payzing.testcase.HomePageScript_CDKM')
data.setCell(18, 3, 1);
data.setCell(19, 0, 19)
data.setCell(19, 1, 'testcase_01_ZaloPay_Verify_display_QR_code')
data.setCell(19, 2, 'com.payzing.testcase.HomePageScript_CDKM')
data.setCell(19, 3, 1);
data.setCell(20, 0, 20)
data.setCell(20, 1, 'testcase_06_ZingCard_Verify_display_message_when_input_card_invalid')
data.setCell(20, 2, 'com.payzing.testcase.HomePageScript_CDKM')
data.setCell(20, 3, 1);
data.setCell(21, 0, 21)
data.setCell(21, 1, 'testcase_05_ZingCard_Verify_display_message_when_only_input_Pin')
data.setCell(21, 2, 'com.payzing.testcase.HomePageScript_CDKM')
data.setCell(21, 3, 1);
data.setCell(22, 0, 22)
data.setCell(22, 1, 'testcase_09_ATM_Transfer_Napas_Verify_display_message_when_dont_input_information_card')
data.setCell(22, 2, 'com.payzing.testcase.HomePageScript_CDKM')
data.setCell(22, 3, 1);
data.setCell(23, 0, 23)
data.setCell(23, 1, 'testcase_13_ATM_Transfer_ZaloPay_Verify_display_transactionID')
data.setCell(23, 2, 'com.payzing.testcase.HomePageScript_CDKM')
data.setCell(23, 3, 1);
data.setCell(24, 0, 24)
data.setCell(24, 1, 'testcase_03_ZingCard_Verify_display_message_when_dont_input_Seri_and_Pin_card')
data.setCell(24, 2, 'com.payzing.testcase.HomePageScript_CDKM')
data.setCell(24, 3, 1);
data.setCell(25, 0, 25)
data.setCell(25, 1, 'testcase_02_ZingCard_Verify_display_form_input_information_card')
data.setCell(25, 2, 'com.payzing.testcase.HomePageScript_CDKM')
data.setCell(25, 3, 1);
data.setCell(26, 0, 26)
data.setCell(26, 1, 'testcase_08_ATM_Transfer_Napas')
data.setCell(26, 2, 'com.payzing.testcase.HomePageScript_CDKM')
data.setCell(26, 3, 0);
data.setCell(27, 0, 27)
data.setCell(27, 1, 'testcase_12_ATM_Transfer_ZaloPay_Verify_display_form_input_infor_card')
data.setCell(27, 2, 'com.payzing.testcase.HomePageScript_CDKM')
data.setCell(27, 3, 0);
data.setCell(28, 0, 28)
data.setCell(28, 1, 'testcase_07_ZingCard_Verify_display_message_when_input_card_had_used')
data.setCell(28, 2, 'com.payzing.testcase.HomePageScript_CDKM')
data.setCell(28, 3, 0);
data.setCell(29, 0, 29)
data.setCell(29, 1, 'testcase_14_Credit_Card')
data.setCell(29, 2, 'com.payzing.testcase.HomePageScript_CDKM')
data.setCell(29, 3, 0);
window.suiteTableData['Suite']= { tableData: data, tableDiv: 'times-div-Suite'}
return data;
}
              </script>
              <span class="suite-total-time">Total running time: 6 minutes</span>
              <div id="times-div-Suite">
              </div> <!-- times-div-Suite -->
            </div> <!-- times-div -->
          </div> <!-- main-panel-content rounded-window-bottom -->
        </div> <!-- panel -->
        <div panel-name="reporter-Suite" class="panel">
          <div class="main-panel-header rounded-window-top">
            <span class="header-content">Reporter output for Suite</span>
          </div> <!-- main-panel-header rounded-window-top -->
          <div class="main-panel-content rounded-window-bottom">
          </div> <!-- main-panel-content rounded-window-bottom -->
        </div> <!-- panel -->
        <div panel-name="ignored-methods-Suite" class="panel">
          <div class="main-panel-header rounded-window-top">
            <span class="header-content">0 ignored methods</span>
          </div> <!-- main-panel-header rounded-window-top -->
          <div class="main-panel-content rounded-window-bottom">
          </div> <!-- main-panel-content rounded-window-bottom -->
        </div> <!-- panel -->
        <div panel-name="chronological-Suite" class="panel">
          <div class="main-panel-header rounded-window-top">
            <span class="header-content">Methods in chronological order</span>
          </div> <!-- main-panel-header rounded-window-top -->
          <div class="main-panel-content rounded-window-bottom">
            <div class="chronological-class">
              <div class="chronological-class-name">com.payzing.testcase.HomePageScript_JXM</div> <!-- chronological-class-name -->
              <div class="configuration-class before">
                <span class="method-name">beforeClass(chrome, 75.0.3770.90, https://pay.zing.vn)</span>
                <span class="method-start">0 ms</span>
              </div> <!-- configuration-class before -->
            </div> <!-- chronological-class -->
            <div class="chronological-class">
              <div class="chronological-class-name">com.payzing.testcase.HomePageScript_CDKM</div> <!-- chronological-class-name -->
              <div class="configuration-class before">
                <img src="failed.png">
                </img>
                <span class="method-name">beforeClass(chrome, 75.0.3770.90, https://pay.zing.vn)</span>
                <span class="method-start">0 ms</span>
              </div> <!-- configuration-class before -->
              <div class="test-method">
                <span class="method-name">testcase_01_ZaloPay_Verify_display_QR_code</span>
                <span class="method-start">4269 ms</span>
              </div> <!-- test-method -->
              <div class="test-method">
                <span class="method-name">testcase_02_ZingCard_Verify_display_form_input_information_card</span>
                <span class="method-start">4274 ms</span>
              </div> <!-- test-method -->
              <div class="test-method">
                <span class="method-name">testcase_03_ZingCard_Verify_display_message_when_dont_input_Seri_and_Pin_card</span>
                <span class="method-start">4277 ms</span>
              </div> <!-- test-method -->
              <div class="test-method">
                <span class="method-name">testcase_04_ZingCard_Verify_display_message_when_only_input_Seri</span>
                <span class="method-start">4280 ms</span>
              </div> <!-- test-method -->
              <div class="test-method">
                <span class="method-name">testcase_05_ZingCard_Verify_display_message_when_only_input_Pin</span>
                <span class="method-start">4283 ms</span>
              </div> <!-- test-method -->
              <div class="test-method">
                <span class="method-name">testcase_06_ZingCard_Verify_display_message_when_input_card_invalid</span>
                <span class="method-start">4288 ms</span>
              </div> <!-- test-method -->
              <div class="test-method">
                <span class="method-name">testcase_07_ZingCard_Verify_display_message_when_input_card_had_used</span>
                <span class="method-start">4292 ms</span>
              </div> <!-- test-method -->
              <div class="test-method">
                <span class="method-name">testcase_08_ATM_Transfer_Napas</span>
                <span class="method-start">4294 ms</span>
              </div> <!-- test-method -->
              <div class="test-method">
                <span class="method-name">testcase_09_ATM_Transfer_Napas_Verify_display_message_when_dont_input_information_card</span>
                <span class="method-start">4298 ms</span>
              </div> <!-- test-method -->
              <div class="test-method">
                <span class="method-name">testcase_10_ATM_Transfer_Napas</span>
                <span class="method-start">4301 ms</span>
              </div> <!-- test-method -->
              <div class="test-method">
                <span class="method-name">testcase_11_ATM_Transfer_BANK_WEB</span>
                <span class="method-start">4305 ms</span>
              </div> <!-- test-method -->
              <div class="test-method">
                <span class="method-name">testcase_12_ATM_Transfer_ZaloPay_Verify_display_form_input_infor_card</span>
                <span class="method-start">4309 ms</span>
              </div> <!-- test-method -->
              <div class="test-method">
                <span class="method-name">testcase_13_ATM_Transfer_ZaloPay_Verify_display_transactionID</span>
                <span class="method-start">4311 ms</span>
              </div> <!-- test-method -->
              <div class="test-method">
                <span class="method-name">testcase_14_Credit_Card</span>
                <span class="method-start">4314 ms</span>
              </div> <!-- test-method -->
              <div class="test-method">
                <span class="method-name">testcase_15_SMS</span>
                <span class="method-start">4316 ms</span>
              </div> <!-- test-method -->
            </div> <!-- chronological-class -->
            <div class="chronological-class">
              <div class="chronological-class-name">com.payzing.testcase.HomePageScript_JXM</div> <!-- chronological-class-name -->
              <div class="configuration-method before">
                <span class="method-name">beforeMethod</span>
                <span class="method-start">22694 ms</span>
              </div> <!-- configuration-method before -->
              <div class="test-method">
                <span class="method-name">testcase_01_ZaloPay_Verify_display_QR_code</span>
                <span class="method-start">40685 ms</span>
              </div> <!-- test-method -->
              <div class="configuration-method after">
                <span class="method-name">afterMethod([TestResult name=testcase_01_ZaloPay_Verify_display_QR_code status=SUCCESS method=HomePageScript_JXM...)</span>
                <span class="method-start">43061 ms</span>
              </div> <!-- configuration-method after -->
              <div class="configuration-method before">
                <span class="method-name">beforeMethod</span>
                <span class="method-start">43066 ms</span>
              </div> <!-- configuration-method before -->
              <div class="test-method">
                <span class="method-name">testcase_02_ZingCard_Verify_display_form_input_information_card</span>
                <span class="method-start">60981 ms</span>
              </div> <!-- test-method -->
              <div class="configuration-method after">
                <span class="method-name">afterMethod([TestResult name=testcase_02_ZingCard_Verify_display_form_input_information_card status=SUCCESS meth...)</span>
                <span class="method-start">62081 ms</span>
              </div> <!-- configuration-method after -->
              <div class="configuration-method before">
                <span class="method-name">beforeMethod</span>
                <span class="method-start">62081 ms</span>
              </div> <!-- configuration-method before -->
              <div class="test-method">
                <span class="method-name">testcase_03_ZingCard_Verify_display_message_when_dont_input_Seri_and_Pin_card</span>
                <span class="method-start">80402 ms</span>
              </div> <!-- test-method -->
              <div class="configuration-method after">
                <span class="method-name">afterMethod([TestResult name=testcase_03_ZingCard_Verify_display_message_when_dont_input_Seri_and_Pin_card statu...)</span>
                <span class="method-start">81665 ms</span>
              </div> <!-- configuration-method after -->
              <div class="configuration-method before">
                <span class="method-name">beforeMethod</span>
                <span class="method-start">81665 ms</span>
              </div> <!-- configuration-method before -->
              <div class="test-method">
                <span class="method-name">testcase_04_ZingCard_Verify_display_message_when_only_input_Seri</span>
                <span class="method-start">99528 ms</span>
              </div> <!-- test-method -->
              <div class="configuration-method after">
                <span class="method-name">afterMethod([TestResult name=testcase_04_ZingCard_Verify_display_message_when_only_input_Seri status=SUCCESS met...)</span>
                <span class="method-start">101966 ms</span>
              </div> <!-- configuration-method after -->
              <div class="configuration-method before">
                <span class="method-name">beforeMethod</span>
                <span class="method-start">101966 ms</span>
              </div> <!-- configuration-method before -->
              <div class="test-method">
                <img src="failed.png">
                </img>
                <span class="method-name">testcase_05_ZingCard_Verify_display_message_when_only_input_Pin</span>
                <span class="method-start">119812 ms</span>
              </div> <!-- test-method -->
              <div class="configuration-method after">
                <span class="method-name">afterMethod([TestResult name=testcase_05_ZingCard_Verify_display_message_when_only_input_Pin status=FAILURE meth...)</span>
                <span class="method-start">228132 ms</span>
              </div> <!-- configuration-method after -->
              <div class="configuration-method before">
                <span class="method-name">beforeMethod</span>
                <span class="method-start">228133 ms</span>
              </div> <!-- configuration-method before -->
              <div class="test-method">
                <img src="failed.png">
                </img>
                <span class="method-name">testcase_06_ZingCard_Verify_display_message_when_input_card_invalid</span>
                <span class="method-start">246552 ms</span>
              </div> <!-- test-method -->
              <div class="configuration-method after">
                <span class="method-name">afterMethod([TestResult name=testcase_06_ZingCard_Verify_display_message_when_input_card_invalid status=FAILURE ...)</span>
                <span class="method-start">354763 ms</span>
              </div> <!-- configuration-method after -->
              <div class="configuration-method before">
                <span class="method-name">beforeMethod</span>
                <span class="method-start">354764 ms</span>
              </div> <!-- configuration-method before -->
              <div class="test-method">
                <img src="failed.png">
                </img>
                <span class="method-name">testcase_07_ZingCard_Verify_display_message_when_input_card_had_used</span>
                <span class="method-start">373230 ms</span>
              </div> <!-- test-method -->
              <div class="configuration-method after">
                <span class="method-name">afterMethod([TestResult name=testcase_07_ZingCard_Verify_display_message_when_input_card_had_used status=FAILURE...)</span>
                <span class="method-start">377210 ms</span>
              </div> <!-- configuration-method after -->
              <div class="configuration-method before">
                <span class="method-name">beforeMethod</span>
                <span class="method-start">377210 ms</span>
              </div> <!-- configuration-method before -->
              <div class="test-method">
                <span class="method-name">testcase_08_ATM_Transfer_Napas</span>
                <span class="method-start">395078 ms</span>
              </div> <!-- test-method -->
              <div class="configuration-method after">
                <span class="method-name">afterMethod([TestResult name=testcase_08_ATM_Transfer_Napas status=SUCCESS method=HomePageScript_JXM.testcase_08...)</span>
                <span class="method-start">402525 ms</span>
              </div> <!-- configuration-method after -->
              <div class="configuration-method before">
                <span class="method-name">beforeMethod</span>
                <span class="method-start">402526 ms</span>
              </div> <!-- configuration-method before -->
              <div class="test-method">
                <span class="method-name">testcase_09_ATM_Transfer_Napas_Verify_display_message_when_dont_input_information_card</span>
                <span class="method-start">421452 ms</span>
              </div> <!-- test-method -->
              <div class="configuration-method after">
                <span class="method-name">afterMethod([TestResult name=testcase_09_ATM_Transfer_Napas_Verify_display_message_when_dont_input_information_c...)</span>
                <span class="method-start">428096 ms</span>
              </div> <!-- configuration-method after -->
              <div class="configuration-method before">
                <span class="method-name">beforeMethod</span>
                <span class="method-start">428097 ms</span>
              </div> <!-- configuration-method before -->
              <div class="test-method">
                <img src="failed.png">
                </img>
                <span class="method-name">testcase_10_ATM_Transfer_Napas</span>
                <span class="method-start">446408 ms</span>
              </div> <!-- test-method -->
              <div class="configuration-method after">
                <span class="method-name">afterMethod([TestResult name=testcase_10_ATM_Transfer_Napas status=FAILURE method=HomePageScript_JXM.testcase_10...)</span>
                <span class="method-start">470954 ms</span>
              </div> <!-- configuration-method after -->
              <div class="configuration-method before">
                <span class="method-name">beforeMethod</span>
                <span class="method-start">470954 ms</span>
              </div> <!-- configuration-method before -->
              <div class="test-method">
                <img src="failed.png">
                </img>
                <span class="method-name">testcase_11_ATM_Transfer_BANK_WEB</span>
                <span class="method-start">488834 ms</span>
              </div> <!-- test-method -->
              <div class="configuration-method after">
                <span class="method-name">afterMethod([TestResult name=testcase_11_ATM_Transfer_BANK_WEB status=FAILURE method=HomePageScript_JXM.testcase...)</span>
                <span class="method-start">531135 ms</span>
              </div> <!-- configuration-method after -->
              <div class="configuration-method before">
                <span class="method-name">beforeMethod</span>
                <span class="method-start">531136 ms</span>
              </div> <!-- configuration-method before -->
              <div class="test-method">
                <span class="method-name">testcase_12_ATM_Transfer_ZaloPay_Verify_display_form_input_infor_card</span>
                <span class="method-start">549040 ms</span>
              </div> <!-- test-method -->
              <div class="configuration-method after">
                <span class="method-name">afterMethod([TestResult name=testcase_12_ATM_Transfer_ZaloPay_Verify_display_form_input_infor_card status=SUCCES...)</span>
                <span class="method-start">554333 ms</span>
              </div> <!-- configuration-method after -->
              <div class="configuration-method before">
                <span class="method-name">beforeMethod</span>
                <span class="method-start">554334 ms</span>
              </div> <!-- configuration-method before -->
              <div class="test-method">
                <span class="method-name">testcase_13_ATM_Transfer_ZaloPay_Verify_display_transactionID</span>
                <span class="method-start">572226 ms</span>
              </div> <!-- test-method -->
              <div class="configuration-method after">
                <span class="method-name">afterMethod([TestResult name=testcase_13_ATM_Transfer_ZaloPay_Verify_display_transactionID status=SUCCESS method...)</span>
                <span class="method-start">597889 ms</span>
              </div> <!-- configuration-method after -->
              <div class="configuration-method before">
                <span class="method-name">beforeMethod</span>
                <span class="method-start">597890 ms</span>
              </div> <!-- configuration-method before -->
              <div class="test-method">
                <span class="method-name">testcase_14_Credit_Card</span>
                <span class="method-start">615848 ms</span>
              </div> <!-- test-method -->
              <div class="configuration-method after">
                <span class="method-name">afterMethod([TestResult name=testcase_14_Credit_Card status=SUCCESS method=HomePageScript_JXM.testcase_14_Credit...)</span>
                <span class="method-start">640814 ms</span>
              </div> <!-- configuration-method after -->
              <div class="configuration-method before">
                <span class="method-name">beforeMethod</span>
                <span class="method-start">640814 ms</span>
              </div> <!-- configuration-method before -->
              <div class="test-method">
                <span class="method-name">testcase_15_SMS</span>
                <span class="method-start">658764 ms</span>
              </div> <!-- test-method -->
              <div class="configuration-method after">
                <span class="method-name">afterMethod([TestResult name=testcase_15_SMS status=SUCCESS method=HomePageScript_JXM.testcase_15_SMS()[pri:0, i...)</span>
                <span class="method-start">663544 ms</span>
              </div> <!-- configuration-method after -->
              <div class="configuration-class after">
                <span class="method-name">afterClass</span>
                <span class="method-start">663545 ms</span>
              </div> <!-- configuration-class after -->
          </div> <!-- main-panel-content rounded-window-bottom -->
        </div> <!-- panel -->
      </div> <!-- main-panel-root -->
    </div> <!-- wrapper -->
  </body>
</html>
